

Microchip MPLAB XC8 Assembler V2.31 build 20201012212115 
                                                                                               Sun Feb 21 22:25:46 2021

Microchip MPLAB XC8 C Compiler v2.31 (Free license) build 20201012212115 Og1 
     1                           	processor	18F57Q43
     2                           	fnconf	rparam,??,?,0
     3                           	pagewidth 120
     4                           	opt	flic
     5                           	psect	cinit,global,reloc=2,class=CODE,delta=1
     6                           	psect	cstackCOMRAM,global,class=COMRAM,space=1,delta=1,lowdata,noexec
     7                           	psect	text0,global,reloc=2,class=CODE,delta=1
     8                           	psect	text1,global,reloc=2,class=CODE,delta=1
     9                           	psect	text2,global,reloc=2,class=CODE,delta=1
    10                           	psect	text3,global,reloc=2,class=CODE,delta=1
    11                           	psect	text4,global,reloc=2,class=CODE,delta=1
    12                           	psect	intsave_regs,global,class=BIGRAM,space=1,delta=1,noexec
    13                           	psect	rparam,global,class=COMRAM,space=1,delta=1,noexec
    14                           	psect	idloc,global,abs,ovrld,class=IDLOC,space=5,delta=1,noexec
    15                           	psect	config,global,abs,ovrld,class=CONFIG,space=4,delta=1,noexec
    16  0000                     
    17                           ; Version 2.30
    18                           ; Generated 20/08/2020 GMT
    19                           ; 
    20                           ; Copyright © 2020, Microchip Technology Inc. and its subsidiaries ("Microchip")
    21                           ; All rights reserved.
    22                           ; 
    23                           ; This software is developed by Microchip Technology Inc. and its subsidiaries ("Microch
      +                          ip").
    24                           ; 
    25                           ; Redistribution and use in source and binary forms, with or without modification, are
    26                           ; permitted provided that the following conditions are met:
    27                           ; 
    28                           ;     1. Redistributions of source code must retain the above copyright notice, this lis
      +                          t of
    29                           ;        conditions and the following disclaimer.
    30                           ; 
    31                           ;     2. Redistributions in binary form must reproduce the above copyright notice, this 
      +                          list
    32                           ;        of conditions and the following disclaimer in the documentation and/or other
    33                           ;        materials provided with the distribution. Publication is not required when
    34                           ;        this file is used in an embedded application.
    35                           ; 
    36                           ;     3. Microchip's name may not be used to endorse or promote products derived from th
      +                          is
    37                           ;        software without specific prior written permission.
    38                           ; 
    39                           ; THIS SOFTWARE IS PROVIDED BY MICROCHIP "AS IS" AND ANY EXPRESS OR IMPLIED WARRANTIES,
    40                           ; INCLUDING, BUT NOT LIMITED TO, THE IMPLIED WARRANTIES OF MERCHANTABILITY AND FITNESS F
      +                          OR
    41                           ; PURPOSE ARE DISCLAIMED.  IN NO EVENT SHALL MICROCHIP BE LIABLE FOR ANY DIRECT, INDIREC
      +                          T,
    42                           ; INCIDENTAL, SPECIAL, EXEMPLARY, OR CONSEQUENTIAL DAMAGES (INCLUDING BUT NOT LIMITED TO
    43                           ; PROCUREMENT OF SUBSTITUTE GOODS OR SERVICES; LOSS OF USE, DATA OR PROFITS; OR BUSINESS
    44                           ; INTERRUPTION) HOWSOEVER CAUSED AND ON ANY THEORY OF LIABILITY, WHETHER IN CONTRACT, ST
      +                          RICT
    45                           ; LIABILITY, OR TORT (INCLUDING NEGLIGENCE OR OTHERWISE) ARISING IN ANY WAY OUT OF THE U
      +                          SE OF
    46                           ; THIS SOFTWARE, EVEN IF ADVISED OF THE POSSIBILITY OF SUCH DAMAGE.
    47                           ; 
    48                           ; 
    49                           ; Code-generator required, PIC18F57Q43 Definitions
    50                           ; 
    51                           ; SFR Addresses
    52  0000                     _PMD8	set	104
    53  0000                     _PMD7	set	103
    54  0000                     _PMD6	set	102
    55  0000                     _PMD5	set	101
    56  0000                     _PMD4	set	100
    57  0000                     _PMD3	set	99
    58  0000                     _PMD1	set	97
    59  0000                     _PMD0	set	96
    60  0000                     _ACTCON	set	172
    61  0000                     _OSCTUNE	set	176
    62  0000                     _OSCFRQ	set	177
    63  0000                     _OSCEN	set	179
    64  0000                     _OSCCON3	set	175
    65  0000                     _OSCCON1	set	173
    66  0000                     _RC4I2C	set	646
    67  0000                     _RC3I2C	set	647
    68  0000                     _RB2I2C	set	648
    69  0000                     _RB1I2C	set	649
    70  0000                     _INLVLF	set	1068
    71  0000                     _INLVLE	set	1060
    72  0000                     _INLVLD	set	1052
    73  0000                     _INLVLC	set	1044
    74  0000                     _INLVLB	set	1036
    75  0000                     _INLVLA	set	1028
    76  0000                     _SLRCONF	set	1067
    77  0000                     _SLRCONE	set	1059
    78  0000                     _SLRCOND	set	1051
    79  0000                     _SLRCONC	set	1043
    80  0000                     _SLRCONB	set	1035
    81  0000                     _SLRCONA	set	1027
    82  0000                     _ODCOND	set	1050
    83  0000                     _ODCONC	set	1042
    84  0000                     _ODCONB	set	1034
    85  0000                     _ODCONA	set	1026
    86  0000                     _ODCONF	set	1066
    87  0000                     _ODCONE	set	1058
    88  0000                     _WPUC	set	1041
    89  0000                     _WPUA	set	1025
    90  0000                     _WPUB	set	1033
    91  0000                     _WPUE	set	1057
    92  0000                     _WPUF	set	1065
    93  0000                     _WPUD	set	1049
    94  0000                     _ANSELA	set	1024
    95  0000                     _ANSELF	set	1064
    96  0000                     _ANSELE	set	1056
    97  0000                     _ANSELB	set	1032
    98  0000                     _ANSELC	set	1040
    99  0000                     _ANSELD	set	1048
   100  0000                     _TRISD	set	1225
   101  0000                     _TRISC	set	1224
   102  0000                     _TRISB	set	1223
   103  0000                     _TRISA	set	1222
   104  0000                     _TRISF	set	1227
   105  0000                     _TRISE	set	1226
   106  0000                     _LATC	set	1216
   107  0000                     _LATB	set	1215
   108  0000                     _LATF	set	1219
   109  0000                     _LATA	set	1214
   110  0000                     _LATD	set	1217
   111  0000                     _LATE	set	1218
   112  0000                     _PORTBbits	set	1231
   113  0000                     _LATFbits	set	1219
   114  0000                     _TRISBbits	set	1223
   115  0000                     _TRISFbits	set	1227
   116                           
   117                           ; #config settings
   118                           
   119                           	psect	cinit
   120  01FEDC                     __pcinit:
   121                           	callstack 0
   122  01FEDC                     start_initialization:
   123                           	callstack 0
   124  01FEDC                     __initialization:
   125                           	callstack 0
   126  01FEDC                     end_of_initialization:
   127                           	callstack 0
   128  01FEDC                     __end_of__initialization:
   129                           	callstack 0
   130  01FEDC  0100               	movlb	0
   131  01FEDE  EF98  F0FF         	goto	_main	;jump to C main() function
   132                           
   133                           	psect	cstackCOMRAM
   134  000501                     __pcstackCOMRAM:
   135                           	callstack 0
   136  000501                     ??_main:
   137                           
   138                           ; 1 bytes @ 0x0
   139  000501                     	ds	1
   140                           
   141 ;;
   142 ;;Main: autosize = 0, tempsize = 1, incstack = 0, save=0
   143 ;;
   144 ;; *************** function _main *****************
   145 ;; Defined at:
   146 ;;		line 53 in file "main.c"
   147 ;; Parameters:    Size  Location     Type
   148 ;;		None
   149 ;; Auto vars:     Size  Location     Type
   150 ;;		None
   151 ;; Return value:  Size  Location     Type
   152 ;;                  1    wreg      void 
   153 ;; Registers used:
   154 ;;		wreg, status,2, status,0, cstack
   155 ;; Tracked objects:
   156 ;;		On entry : 0/0
   157 ;;		On exit  : 0/0
   158 ;;		Unchanged: 0/0
   159 ;; Data sizes:     COMRAM   BANK5   BANK6   BANK7   BANK8   BANK9  BANK10  BANK11  BANK12  BANK13  BANK14  BANK15  BANK1
      +6  BANK17  BANK18  BANK19  BANK20  BANK21  BANK22  BANK23  BANK24  BANK25  BANK26  BANK27  BANK28  BANK29  BANK30  BANK3
      +1  BANK32  BANK33  BANK34  BANK35  BANK36  BANK37
   160 ;;      Params:         0       0       0       0       0       0       0       0       0       0       0       0       
      +0       0       0       0       0       0       0       0       0       0       0       0       0       0       0       
      +0       0       0       0       0       0       0
   161 ;;      Locals:         0       0       0       0       0       0       0       0       0       0       0       0       
      +0       0       0       0       0       0       0       0       0       0       0       0       0       0       0       
      +0       0       0       0       0       0       0
   162 ;;      Temps:          1       0       0       0       0       0       0       0       0       0       0       0       
      +0       0       0       0       0       0       0       0       0       0       0       0       0       0       0       
      +0       0       0       0       0       0       0
   163 ;;      Totals:         1       0       0       0       0       0       0       0       0       0       0       0       
      +0       0       0       0       0       0       0       0       0       0       0       0       0       0       0       
      +0       0       0       0       0       0       0
   164 ;;Total ram usage:        1 bytes
   165 ;; Hardware stack levels required when called:    2
   166 ;; This function calls:
   167 ;;		_SYSTEM_Initialize
   168 ;; This function is called by:
   169 ;;		Startup code after reset
   170 ;; This function uses a non-reentrant model
   171 ;;
   172                           
   173                           	psect	text0
   174  01FF30                     __ptext0:
   175                           	callstack 0
   176  01FF30                     _main:
   177                           	callstack 126
   178  01FF30                     
   179                           ;main.c: 56:     SYSTEM_Initialize();
   180  01FF30  EC71  F0FF         	call	_SYSTEM_Initialize	;wreg free
   181  01FF34                     
   182                           ;main.c: 68:     TRISFbits.TRISF3 = 0;
   183  01FF34  96CB               	bcf	203,3,c	;volatile
   184  01FF36                     
   185                           ;main.c: 69:     TRISBbits.TRISB4 = 1;
   186  01FF36  88C7               	bsf	199,4,c	;volatile
   187  01FF38                     l889:
   188                           
   189                           ;main.c: 72:     {;main.c: 74:         LATFbits.LATF3 = !PORTBbits.RB4;
   190  01FF38  A8CF               	btfss	207,4,c	;volatile
   191  01FF3A  EFA1  F0FF         	goto	u11
   192  01FF3E  EFA5  F0FF         	goto	u10
   193  01FF42                     u11:
   194  01FF42  6A01               	clrf	??_main^(0+1280),c
   195  01FF44  2A01               	incf	??_main^(0+1280),f,c
   196  01FF46  EFA6  F0FF         	goto	u28
   197  01FF4A                     u10:
   198  01FF4A  6A01               	clrf	??_main^(0+1280),c
   199  01FF4C                     u28:
   200  01FF4C  4601               	rlncf	??_main^(0+1280),f,c
   201  01FF4E  4601               	rlncf	??_main^(0+1280),f,c
   202  01FF50  4601               	rlncf	??_main^(0+1280),f,c
   203  01FF52  50C3               	movf	195,w,c	;volatile
   204  01FF54  1801               	xorwf	??_main^(0+1280),w,c
   205  01FF56  0BF7               	andlw	-9
   206  01FF58  1801               	xorwf	??_main^(0+1280),w,c
   207  01FF5A  6EC3               	movwf	195,c	;volatile
   208  01FF5C  EF9C  F0FF         	goto	l889
   209  01FF60  EFFE  F0FF         	goto	start
   210  01FF64                     __end_of_main:
   211                           	callstack 0
   212                           
   213 ;; *************** function _SYSTEM_Initialize *****************
   214 ;; Defined at:
   215 ;;		line 50 in file "mcc_generated_files/mcc.c"
   216 ;; Parameters:    Size  Location     Type
   217 ;;		None
   218 ;; Auto vars:     Size  Location     Type
   219 ;;		None
   220 ;; Return value:  Size  Location     Type
   221 ;;                  1    wreg      void 
   222 ;; Registers used:
   223 ;;		wreg, status,2, cstack
   224 ;; Tracked objects:
   225 ;;		On entry : 0/0
   226 ;;		On exit  : 0/0
   227 ;;		Unchanged: 0/0
   228 ;; Data sizes:     COMRAM   BANK5   BANK6   BANK7   BANK8   BANK9  BANK10  BANK11  BANK12  BANK13  BANK14  BANK15  BANK1
      +6  BANK17  BANK18  BANK19  BANK20  BANK21  BANK22  BANK23  BANK24  BANK25  BANK26  BANK27  BANK28  BANK29  BANK30  BANK3
      +1  BANK32  BANK33  BANK34  BANK35  BANK36  BANK37
   229 ;;      Params:         0       0       0       0       0       0       0       0       0       0       0       0       
      +0       0       0       0       0       0       0       0       0       0       0       0       0       0       0       
      +0       0       0       0       0       0       0
   230 ;;      Locals:         0       0       0       0       0       0       0       0       0       0       0       0       
      +0       0       0       0       0       0       0       0       0       0       0       0       0       0       0       
      +0       0       0       0       0       0       0
   231 ;;      Temps:          0       0       0       0       0       0       0       0       0       0       0       0       
      +0       0       0       0       0       0       0       0       0       0       0       0       0       0       0       
      +0       0       0       0       0       0       0
   232 ;;      Totals:         0       0       0       0       0       0       0       0       0       0       0       0       
      +0       0       0       0       0       0       0       0       0       0       0       0       0       0       0       
      +0       0       0       0       0       0       0
   233 ;;Total ram usage:        0 bytes
   234 ;; Hardware stack levels used:    1
   235 ;; Hardware stack levels required when called:    1
   236 ;; This function calls:
   237 ;;		_OSCILLATOR_Initialize
   238 ;;		_PIN_MANAGER_Initialize
   239 ;;		_PMD_Initialize
   240 ;; This function is called by:
   241 ;;		_main
   242 ;; This function uses a non-reentrant model
   243 ;;
   244                           
   245                           	psect	text1
   246  01FEE2                     __ptext1:
   247                           	callstack 0
   248  01FEE2                     _SYSTEM_Initialize:
   249                           	callstack 126
   250  01FEE2                     
   251                           ;mcc_generated_files/mcc.c: 52:     PMD_Initialize();
   252  01FEE2  EC86  F0FF         	call	_PMD_Initialize	;wreg free
   253                           
   254                           ;mcc_generated_files/mcc.c: 53:     PIN_MANAGER_Initialize();
   255  01FEE6  ECB2  F0FF         	call	_PIN_MANAGER_Initialize	;wreg free
   256                           
   257                           ;mcc_generated_files/mcc.c: 54:     OSCILLATOR_Initialize();
   258  01FEEA  EC78  F0FF         	call	_OSCILLATOR_Initialize	;wreg free
   259  01FEEE  0012               	return		;funcret
   260  01FEF0                     __end_of_SYSTEM_Initialize:
   261                           	callstack 0
   262                           
   263 ;; *************** function _PMD_Initialize *****************
   264 ;; Defined at:
   265 ;;		line 73 in file "mcc_generated_files/mcc.c"
   266 ;; Parameters:    Size  Location     Type
   267 ;;		None
   268 ;; Auto vars:     Size  Location     Type
   269 ;;		None
   270 ;; Return value:  Size  Location     Type
   271 ;;                  1    wreg      void 
   272 ;; Registers used:
   273 ;;		wreg, status,2
   274 ;; Tracked objects:
   275 ;;		On entry : 0/0
   276 ;;		On exit  : 0/0
   277 ;;		Unchanged: 0/0
   278 ;; Data sizes:     COMRAM   BANK5   BANK6   BANK7   BANK8   BANK9  BANK10  BANK11  BANK12  BANK13  BANK14  BANK15  BANK1
      +6  BANK17  BANK18  BANK19  BANK20  BANK21  BANK22  BANK23  BANK24  BANK25  BANK26  BANK27  BANK28  BANK29  BANK30  BANK3
      +1  BANK32  BANK33  BANK34  BANK35  BANK36  BANK37
   279 ;;      Params:         0       0       0       0       0       0       0       0       0       0       0       0       
      +0       0       0       0       0       0       0       0       0       0       0       0       0       0       0       
      +0       0       0       0       0       0       0
   280 ;;      Locals:         0       0       0       0       0       0       0       0       0       0       0       0       
      +0       0       0       0       0       0       0       0       0       0       0       0       0       0       0       
      +0       0       0       0       0       0       0
   281 ;;      Temps:          0       0       0       0       0       0       0       0       0       0       0       0       
      +0       0       0       0       0       0       0       0       0       0       0       0       0       0       0       
      +0       0       0       0       0       0       0
   282 ;;      Totals:         0       0       0       0       0       0       0       0       0       0       0       0       
      +0       0       0       0       0       0       0       0       0       0       0       0       0       0       0       
      +0       0       0       0       0       0       0
   283 ;;Total ram usage:        0 bytes
   284 ;; Hardware stack levels used:    1
   285 ;; This function calls:
   286 ;;		Nothing
   287 ;; This function is called by:
   288 ;;		_SYSTEM_Initialize
   289 ;; This function uses a non-reentrant model
   290 ;;
   291                           
   292                           	psect	text2
   293  01FF0C                     __ptext2:
   294                           	callstack 0
   295  01FF0C                     _PMD_Initialize:
   296                           	callstack 126
   297  01FF0C                     
   298                           ;mcc_generated_files/mcc.c: 76:     PMD0 = 0x00;
   299  01FF0C  0E00               	movlw	0
   300  01FF0E  0100               	movlb	0	; () banked
   301  01FF10  6F60               	movwf	96,b	;volatile
   302                           
   303                           ;mcc_generated_files/mcc.c: 78:     PMD1 = 0x00;
   304  01FF12  0E00               	movlw	0
   305  01FF14  6F61               	movwf	97,b	;volatile
   306                           
   307                           ;mcc_generated_files/mcc.c: 80:     PMD3 = 0x00;
   308  01FF16  0E00               	movlw	0
   309  01FF18  6F63               	movwf	99,b	;volatile
   310                           
   311                           ;mcc_generated_files/mcc.c: 82:     PMD4 = 0x00;
   312  01FF1A  0E00               	movlw	0
   313  01FF1C  6F64               	movwf	100,b	;volatile
   314                           
   315                           ;mcc_generated_files/mcc.c: 84:     PMD5 = 0x00;
   316  01FF1E  0E00               	movlw	0
   317  01FF20  6F65               	movwf	101,b	;volatile
   318                           
   319                           ;mcc_generated_files/mcc.c: 86:     PMD6 = 0x00;
   320  01FF22  0E00               	movlw	0
   321  01FF24  6F66               	movwf	102,b	;volatile
   322                           
   323                           ;mcc_generated_files/mcc.c: 88:     PMD7 = 0x00;
   324  01FF26  0E00               	movlw	0
   325  01FF28  6F67               	movwf	103,b	;volatile
   326                           
   327                           ;mcc_generated_files/mcc.c: 90:     PMD8 = 0x00;
   328  01FF2A  0E00               	movlw	0
   329  01FF2C  6F68               	movwf	104,b	;volatile
   330  01FF2E                     
   331                           ; BSR set to: 0
   332  01FF2E  0012               	return		;funcret
   333  01FF30                     __end_of_PMD_Initialize:
   334                           	callstack 0
   335                           
   336 ;; *************** function _PIN_MANAGER_Initialize *****************
   337 ;; Defined at:
   338 ;;		line 55 in file "mcc_generated_files/pin_manager.c"
   339 ;; Parameters:    Size  Location     Type
   340 ;;		None
   341 ;; Auto vars:     Size  Location     Type
   342 ;;		None
   343 ;; Return value:  Size  Location     Type
   344 ;;                  1    wreg      void 
   345 ;; Registers used:
   346 ;;		wreg, status,2
   347 ;; Tracked objects:
   348 ;;		On entry : 0/0
   349 ;;		On exit  : 0/0
   350 ;;		Unchanged: 0/0
   351 ;; Data sizes:     COMRAM   BANK5   BANK6   BANK7   BANK8   BANK9  BANK10  BANK11  BANK12  BANK13  BANK14  BANK15  BANK1
      +6  BANK17  BANK18  BANK19  BANK20  BANK21  BANK22  BANK23  BANK24  BANK25  BANK26  BANK27  BANK28  BANK29  BANK30  BANK3
      +1  BANK32  BANK33  BANK34  BANK35  BANK36  BANK37
   352 ;;      Params:         0       0       0       0       0       0       0       0       0       0       0       0       
      +0       0       0       0       0       0       0       0       0       0       0       0       0       0       0       
      +0       0       0       0       0       0       0
   353 ;;      Locals:         0       0       0       0       0       0       0       0       0       0       0       0       
      +0       0       0       0       0       0       0       0       0       0       0       0       0       0       0       
      +0       0       0       0       0       0       0
   354 ;;      Temps:          0       0       0       0       0       0       0       0       0       0       0       0       
      +0       0       0       0       0       0       0       0       0       0       0       0       0       0       0       
      +0       0       0       0       0       0       0
   355 ;;      Totals:         0       0       0       0       0       0       0       0       0       0       0       0       
      +0       0       0       0       0       0       0       0       0       0       0       0       0       0       0       
      +0       0       0       0       0       0       0
   356 ;;Total ram usage:        0 bytes
   357 ;; Hardware stack levels used:    1
   358 ;; This function calls:
   359 ;;		Nothing
   360 ;; This function is called by:
   361 ;;		_SYSTEM_Initialize
   362 ;; This function uses a non-reentrant model
   363 ;;
   364                           
   365                           	psect	text3
   366  01FF64                     __ptext3:
   367                           	callstack 0
   368  01FF64                     _PIN_MANAGER_Initialize:
   369                           	callstack 126
   370  01FF64                     
   371                           ;mcc_generated_files/pin_manager.c: 60:     LATE = 0x00;
   372  01FF64  0E00               	movlw	0
   373  01FF66  6EC2               	movwf	194,c	;volatile
   374                           
   375                           ;mcc_generated_files/pin_manager.c: 61:     LATD = 0x00;
   376  01FF68  0E00               	movlw	0
   377  01FF6A  6EC1               	movwf	193,c	;volatile
   378                           
   379                           ;mcc_generated_files/pin_manager.c: 62:     LATA = 0x00;
   380  01FF6C  0E00               	movlw	0
   381  01FF6E  6EBE               	movwf	190,c	;volatile
   382                           
   383                           ;mcc_generated_files/pin_manager.c: 63:     LATF = 0x00;
   384  01FF70  0E00               	movlw	0
   385  01FF72  6EC3               	movwf	195,c	;volatile
   386                           
   387                           ;mcc_generated_files/pin_manager.c: 64:     LATB = 0x00;
   388  01FF74  0E00               	movlw	0
   389  01FF76  6EBF               	movwf	191,c	;volatile
   390                           
   391                           ;mcc_generated_files/pin_manager.c: 65:     LATC = 0x00;
   392  01FF78  0E00               	movlw	0
   393  01FF7A  6EC0               	movwf	192,c	;volatile
   394                           
   395                           ;mcc_generated_files/pin_manager.c: 70:     TRISE = 0x07;
   396  01FF7C  0E07               	movlw	7
   397  01FF7E  6ECA               	movwf	202,c	;volatile
   398  01FF80                     
   399                           ;mcc_generated_files/pin_manager.c: 71:     TRISF = 0xFF;
   400  01FF80  68CB               	setf	203,c	;volatile
   401  01FF82                     
   402                           ;mcc_generated_files/pin_manager.c: 72:     TRISA = 0xFF;
   403  01FF82  68C6               	setf	198,c	;volatile
   404  01FF84                     
   405                           ;mcc_generated_files/pin_manager.c: 73:     TRISB = 0xFF;
   406  01FF84  68C7               	setf	199,c	;volatile
   407  01FF86                     
   408                           ;mcc_generated_files/pin_manager.c: 74:     TRISC = 0xFF;
   409  01FF86  68C8               	setf	200,c	;volatile
   410  01FF88                     
   411                           ;mcc_generated_files/pin_manager.c: 75:     TRISD = 0xFF;
   412  01FF88  68C9               	setf	201,c	;volatile
   413  01FF8A                     
   414                           ;mcc_generated_files/pin_manager.c: 80:     ANSELD = 0xFF;
   415  01FF8A  0104               	movlb	4	; () banked
   416  01FF8C  6918               	setf	24,b	;volatile
   417  01FF8E                     
   418                           ; BSR set to: 4
   419                           ;mcc_generated_files/pin_manager.c: 81:     ANSELC = 0xFF;
   420  01FF8E  6910               	setf	16,b	;volatile
   421  01FF90                     
   422                           ; BSR set to: 4
   423                           ;mcc_generated_files/pin_manager.c: 82:     ANSELB = 0xFF;
   424  01FF90  6908               	setf	8,b	;volatile
   425                           
   426                           ;mcc_generated_files/pin_manager.c: 83:     ANSELE = 0x07;
   427  01FF92  0E07               	movlw	7
   428  01FF94  6F20               	movwf	32,b	;volatile
   429  01FF96                     
   430                           ; BSR set to: 4
   431                           ;mcc_generated_files/pin_manager.c: 84:     ANSELF = 0xFF;
   432  01FF96  6928               	setf	40,b	;volatile
   433  01FF98                     
   434                           ; BSR set to: 4
   435                           ;mcc_generated_files/pin_manager.c: 85:     ANSELA = 0xFF;
   436  01FF98  6900               	setf	0,b	;volatile
   437                           
   438                           ;mcc_generated_files/pin_manager.c: 90:     WPUD = 0x00;
   439  01FF9A  0E00               	movlw	0
   440  01FF9C  6F19               	movwf	25,b	;volatile
   441                           
   442                           ;mcc_generated_files/pin_manager.c: 91:     WPUF = 0x00;
   443  01FF9E  0E00               	movlw	0
   444  01FFA0  6F29               	movwf	41,b	;volatile
   445                           
   446                           ;mcc_generated_files/pin_manager.c: 92:     WPUE = 0x00;
   447  01FFA2  0E00               	movlw	0
   448  01FFA4  6F21               	movwf	33,b	;volatile
   449                           
   450                           ;mcc_generated_files/pin_manager.c: 93:     WPUB = 0x00;
   451  01FFA6  0E00               	movlw	0
   452  01FFA8  6F09               	movwf	9,b	;volatile
   453                           
   454                           ;mcc_generated_files/pin_manager.c: 94:     WPUA = 0x00;
   455  01FFAA  0E00               	movlw	0
   456  01FFAC  6F01               	movwf	1,b	;volatile
   457                           
   458                           ;mcc_generated_files/pin_manager.c: 95:     WPUC = 0x00;
   459  01FFAE  0E00               	movlw	0
   460  01FFB0  6F11               	movwf	17,b	;volatile
   461                           
   462                           ;mcc_generated_files/pin_manager.c: 100:     RB1I2C = 0x00;
   463  01FFB2  0E00               	movlw	0
   464  01FFB4  0102               	movlb	2	; () banked
   465  01FFB6  6F89               	movwf	137,b	;volatile
   466                           
   467                           ;mcc_generated_files/pin_manager.c: 101:     RB2I2C = 0x00;
   468  01FFB8  0E00               	movlw	0
   469  01FFBA  6F88               	movwf	136,b	;volatile
   470                           
   471                           ;mcc_generated_files/pin_manager.c: 102:     RC3I2C = 0x00;
   472  01FFBC  0E00               	movlw	0
   473  01FFBE  6F87               	movwf	135,b	;volatile
   474                           
   475                           ;mcc_generated_files/pin_manager.c: 103:     RC4I2C = 0x00;
   476  01FFC0  0E00               	movlw	0
   477  01FFC2  6F86               	movwf	134,b	;volatile
   478                           
   479                           ;mcc_generated_files/pin_manager.c: 108:     ODCONE = 0x00;
   480  01FFC4  0E00               	movlw	0
   481  01FFC6  0104               	movlb	4	; () banked
   482  01FFC8  6F22               	movwf	34,b	;volatile
   483                           
   484                           ;mcc_generated_files/pin_manager.c: 109:     ODCONF = 0x00;
   485  01FFCA  0E00               	movlw	0
   486  01FFCC  6F2A               	movwf	42,b	;volatile
   487                           
   488                           ;mcc_generated_files/pin_manager.c: 110:     ODCONA = 0x00;
   489  01FFCE  0E00               	movlw	0
   490  01FFD0  6F02               	movwf	2,b	;volatile
   491                           
   492                           ;mcc_generated_files/pin_manager.c: 111:     ODCONB = 0x00;
   493  01FFD2  0E00               	movlw	0
   494  01FFD4  6F0A               	movwf	10,b	;volatile
   495                           
   496                           ;mcc_generated_files/pin_manager.c: 112:     ODCONC = 0x00;
   497  01FFD6  0E00               	movlw	0
   498  01FFD8  6F12               	movwf	18,b	;volatile
   499                           
   500                           ;mcc_generated_files/pin_manager.c: 113:     ODCOND = 0x00;
   501  01FFDA  0E00               	movlw	0
   502  01FFDC  6F1A               	movwf	26,b	;volatile
   503  01FFDE                     
   504                           ; BSR set to: 4
   505                           ;mcc_generated_files/pin_manager.c: 118:     SLRCONA = 0xFF;
   506  01FFDE  6903               	setf	3,b	;volatile
   507  01FFE0                     
   508                           ; BSR set to: 4
   509                           ;mcc_generated_files/pin_manager.c: 119:     SLRCONB = 0xFF;
   510  01FFE0  690B               	setf	11,b	;volatile
   511  01FFE2                     
   512                           ; BSR set to: 4
   513                           ;mcc_generated_files/pin_manager.c: 120:     SLRCONC = 0xFF;
   514  01FFE2  6913               	setf	19,b	;volatile
   515  01FFE4                     
   516                           ; BSR set to: 4
   517                           ;mcc_generated_files/pin_manager.c: 121:     SLRCOND = 0xFF;
   518  01FFE4  691B               	setf	27,b	;volatile
   519                           
   520                           ;mcc_generated_files/pin_manager.c: 122:     SLRCONE = 0x07;
   521  01FFE6  0E07               	movlw	7
   522  01FFE8  6F23               	movwf	35,b	;volatile
   523  01FFEA                     
   524                           ; BSR set to: 4
   525                           ;mcc_generated_files/pin_manager.c: 123:     SLRCONF = 0xFF;
   526  01FFEA  692B               	setf	43,b	;volatile
   527  01FFEC                     
   528                           ; BSR set to: 4
   529                           ;mcc_generated_files/pin_manager.c: 128:     INLVLA = 0xFF;
   530  01FFEC  6904               	setf	4,b	;volatile
   531  01FFEE                     
   532                           ; BSR set to: 4
   533                           ;mcc_generated_files/pin_manager.c: 129:     INLVLB = 0xFF;
   534  01FFEE  690C               	setf	12,b	;volatile
   535  01FFF0                     
   536                           ; BSR set to: 4
   537                           ;mcc_generated_files/pin_manager.c: 130:     INLVLC = 0xFF;
   538  01FFF0  6914               	setf	20,b	;volatile
   539  01FFF2                     
   540                           ; BSR set to: 4
   541                           ;mcc_generated_files/pin_manager.c: 131:     INLVLD = 0xFF;
   542  01FFF2  691C               	setf	28,b	;volatile
   543                           
   544                           ;mcc_generated_files/pin_manager.c: 132:     INLVLE = 0x0F;
   545  01FFF4  0E0F               	movlw	15
   546  01FFF6  6F24               	movwf	36,b	;volatile
   547  01FFF8                     
   548                           ; BSR set to: 4
   549                           ;mcc_generated_files/pin_manager.c: 133:     INLVLF = 0xFF;
   550  01FFF8  692C               	setf	44,b	;volatile
   551  01FFFA                     
   552                           ; BSR set to: 4
   553  01FFFA  0012               	return		;funcret
   554  01FFFC                     __end_of_PIN_MANAGER_Initialize:
   555                           	callstack 0
   556                           
   557 ;; *************** function _OSCILLATOR_Initialize *****************
   558 ;; Defined at:
   559 ;;		line 57 in file "mcc_generated_files/mcc.c"
   560 ;; Parameters:    Size  Location     Type
   561 ;;		None
   562 ;; Auto vars:     Size  Location     Type
   563 ;;		None
   564 ;; Return value:  Size  Location     Type
   565 ;;                  1    wreg      void 
   566 ;; Registers used:
   567 ;;		wreg, status,2
   568 ;; Tracked objects:
   569 ;;		On entry : 0/0
   570 ;;		On exit  : 0/0
   571 ;;		Unchanged: 0/0
   572 ;; Data sizes:     COMRAM   BANK5   BANK6   BANK7   BANK8   BANK9  BANK10  BANK11  BANK12  BANK13  BANK14  BANK15  BANK1
      +6  BANK17  BANK18  BANK19  BANK20  BANK21  BANK22  BANK23  BANK24  BANK25  BANK26  BANK27  BANK28  BANK29  BANK30  BANK3
      +1  BANK32  BANK33  BANK34  BANK35  BANK36  BANK37
   573 ;;      Params:         0       0       0       0       0       0       0       0       0       0       0       0       
      +0       0       0       0       0       0       0       0       0       0       0       0       0       0       0       
      +0       0       0       0       0       0       0
   574 ;;      Locals:         0       0       0       0       0       0       0       0       0       0       0       0       
      +0       0       0       0       0       0       0       0       0       0       0       0       0       0       0       
      +0       0       0       0       0       0       0
   575 ;;      Temps:          0       0       0       0       0       0       0       0       0       0       0       0       
      +0       0       0       0       0       0       0       0       0       0       0       0       0       0       0       
      +0       0       0       0       0       0       0
   576 ;;      Totals:         0       0       0       0       0       0       0       0       0       0       0       0       
      +0       0       0       0       0       0       0       0       0       0       0       0       0       0       0       
      +0       0       0       0       0       0       0
   577 ;;Total ram usage:        0 bytes
   578 ;; Hardware stack levels used:    1
   579 ;; This function calls:
   580 ;;		Nothing
   581 ;; This function is called by:
   582 ;;		_SYSTEM_Initialize
   583 ;; This function uses a non-reentrant model
   584 ;;
   585                           
   586                           	psect	text4
   587  01FEF0                     __ptext4:
   588                           	callstack 0
   589  01FEF0                     _OSCILLATOR_Initialize:
   590                           	callstack 126
   591  01FEF0                     
   592                           ;mcc_generated_files/mcc.c: 60:     OSCCON1 = 0x60;
   593  01FEF0  0E60               	movlw	96
   594  01FEF2  0100               	movlb	0	; () banked
   595  01FEF4  6FAD               	movwf	173,b	;volatile
   596                           
   597                           ;mcc_generated_files/mcc.c: 62:     OSCCON3 = 0x00;
   598  01FEF6  0E00               	movlw	0
   599  01FEF8  6FAF               	movwf	175,b	;volatile
   600                           
   601                           ;mcc_generated_files/mcc.c: 64:     OSCEN = 0x00;
   602  01FEFA  0E00               	movlw	0
   603  01FEFC  6FB3               	movwf	179,b	;volatile
   604                           
   605                           ;mcc_generated_files/mcc.c: 66:     OSCFRQ = 0x05;
   606  01FEFE  0E05               	movlw	5
   607  01FF00  6FB1               	movwf	177,b	;volatile
   608                           
   609                           ;mcc_generated_files/mcc.c: 68:     OSCTUNE = 0x00;
   610  01FF02  0E00               	movlw	0
   611  01FF04  6FB0               	movwf	176,b	;volatile
   612                           
   613                           ;mcc_generated_files/mcc.c: 70:     ACTCON = 0x00;
   614  01FF06  0E00               	movlw	0
   615  01FF08  6FAC               	movwf	172,b	;volatile
   616  01FF0A                     
   617                           ; BSR set to: 0
   618  01FF0A  0012               	return		;funcret
   619  01FF0C                     __end_of_OSCILLATOR_Initialize:
   620                           	callstack 0
   621  0000                     
   622                           	psect	rparam
   623  0000                     
   624                           	psect	idloc
   625                           
   626                           ;Config register IDLOC0 @ 0x200000
   627                           ;	unspecified, using default values
   628  200000                     	org	2097152
   629  200000  0FFF               	dw	4095
   630                           
   631                           ;Config register IDLOC1 @ 0x200002
   632                           ;	unspecified, using default values
   633  200002                     	org	2097154
   634  200002  0FFF               	dw	4095
   635                           
   636                           ;Config register IDLOC2 @ 0x200004
   637                           ;	unspecified, using default values
   638  200004                     	org	2097156
   639  200004  0FFF               	dw	4095
   640                           
   641                           ;Config register IDLOC3 @ 0x200006
   642                           ;	unspecified, using default values
   643  200006                     	org	2097158
   644  200006  0FFF               	dw	4095
   645                           
   646                           ;Config register IDLOC4 @ 0x200008
   647                           ;	unspecified, using default values
   648  200008                     	org	2097160
   649  200008  0FFF               	dw	4095
   650                           
   651                           ;Config register IDLOC5 @ 0x20000A
   652                           ;	unspecified, using default values
   653  20000A                     	org	2097162
   654  20000A  0FFF               	dw	4095
   655                           
   656                           ;Config register IDLOC6 @ 0x20000C
   657                           ;	unspecified, using default values
   658  20000C                     	org	2097164
   659  20000C  0FFF               	dw	4095
   660                           
   661                           ;Config register IDLOC7 @ 0x20000E
   662                           ;	unspecified, using default values
   663  20000E                     	org	2097166
   664  20000E  0FFF               	dw	4095
   665                           
   666                           ;Config register IDLOC8 @ 0x200010
   667                           ;	unspecified, using default values
   668  200010                     	org	2097168
   669  200010  0FFF               	dw	4095
   670                           
   671                           ;Config register IDLOC9 @ 0x200012
   672                           ;	unspecified, using default values
   673  200012                     	org	2097170
   674  200012  0FFF               	dw	4095
   675                           
   676                           ;Config register IDLOC10 @ 0x200014
   677                           ;	unspecified, using default values
   678  200014                     	org	2097172
   679  200014  0FFF               	dw	4095
   680                           
   681                           ;Config register IDLOC11 @ 0x200016
   682                           ;	unspecified, using default values
   683  200016                     	org	2097174
   684  200016  0FFF               	dw	4095
   685                           
   686                           ;Config register IDLOC12 @ 0x200018
   687                           ;	unspecified, using default values
   688  200018                     	org	2097176
   689  200018  0FFF               	dw	4095
   690                           
   691                           ;Config register IDLOC13 @ 0x20001A
   692                           ;	unspecified, using default values
   693  20001A                     	org	2097178
   694  20001A  0FFF               	dw	4095
   695                           
   696                           ;Config register IDLOC14 @ 0x20001C
   697                           ;	unspecified, using default values
   698  20001C                     	org	2097180
   699  20001C  0FFF               	dw	4095
   700                           
   701                           ;Config register IDLOC15 @ 0x20001E
   702                           ;	unspecified, using default values
   703  20001E                     	org	2097182
   704  20001E  0FFF               	dw	4095
   705                           
   706                           	psect	config
   707                           
   708                           ;Config register CONFIG1 @ 0x300000
   709                           ;	External Oscillator Selection
   710                           ;	FEXTOSC = OFF, Oscillator not enabled
   711                           ;	Reset Oscillator Selection
   712                           ;	RSTOSC = HFINTOSC_1MHZ, HFINTOSC with HFFRQ = 4 MHz and CDIV = 4:1
   713  300000                     	org	3145728
   714  300000  EC                 	db	236
   715                           
   716                           ;Config register CONFIG2 @ 0x300001
   717                           ;	Clock out Enable bit
   718                           ;	CLKOUTEN = OFF, CLKOUT function is disabled
   719                           ;	PRLOCKED One-Way Set Enable bit
   720                           ;	PR1WAY = ON, PRLOCKED bit can be cleared and set only once
   721                           ;	Clock Switch Enable bit
   722                           ;	CSWEN = ON, Writing to NOSC and NDIV is allowed
   723                           ;	Fail-Safe Clock Monitor Enable bit
   724                           ;	FCMEN = ON, Fail-Safe Clock Monitor enabled
   725  300001                     	org	3145729
   726  300001  FF                 	db	255
   727                           
   728                           ;Config register CONFIG3 @ 0x300002
   729                           ;	MCLR Enable bit
   730                           ;	MCLRE = EXTMCLR, If LVP = 0, MCLR pin is MCLR; If LVP = 1, RE3 pin function is MCLR
   731                           ;	Power-up timer selection bits
   732                           ;	PWRTS = PWRT_OFF, PWRT is disabled
   733                           ;	Multi-vector enable bit
   734                           ;	MVECEN = OFF, Interrupt contoller does not use vector table to prioritze interrupts
   735                           ;	IVTLOCK bit One-way set enable bit
   736                           ;	IVT1WAY = ON, IVTLOCKED bit can be cleared and set only once
   737                           ;	Low Power BOR Enable bit
   738                           ;	LPBOREN = OFF, Low-Power BOR disabled
   739                           ;	Brown-out Reset Enable bits
   740                           ;	BOREN = SBORDIS, Brown-out Reset enabled , SBOREN bit is ignored
   741  300002                     	org	3145730
   742  300002  F7                 	db	247
   743                           
   744                           ;Config register CONFIG4 @ 0x300003
   745                           ;	Brown-out Reset Voltage Selection bits
   746                           ;	BORV = VBOR_1P9, Brown-out Reset Voltage (VBOR) set to 1.9V
   747                           ;	ZCD Disable bit
   748                           ;	ZCD = OFF, ZCD module is disabled. ZCD can be enabled by setting the ZCDSEN bit of ZCD
      +                          CON
   749                           ;	PPSLOCK bit One-Way Set Enable bit
   750                           ;	PPS1WAY = ON, PPSLOCKED bit can be cleared and set only once; PPS registers remain loc
      +                          ked after one clear/set cycle
   751                           ;	Stack Full/Underflow Reset Enable bit
   752                           ;	STVREN = ON, Stack full/underflow will cause Reset
   753                           ;	Low Voltage Programming Enable bit
   754                           ;	LVP = ON, Low voltage programming enabled. MCLR/VPP pin function is MCLR. MCLRE config
      +                          uration bit is ignored
   755                           ;	Extended Instruction Set Enable bit
   756                           ;	XINST = OFF, Extended Instruction Set and Indexed Addressing Mode disabled
   757  300003                     	org	3145731
   758  300003  FF                 	db	255
   759                           
   760                           ;Config register CONFIG5 @ 0x300004
   761                           ;	WDT Period selection bits
   762                           ;	WDTCPS = WDTCPS_31, Divider ratio 1:65536; software control of WDTPS
   763                           ;	WDT operating mode
   764                           ;	WDTE = OFF, WDT Disabled; SWDTEN is ignored
   765  300004                     	org	3145732
   766  300004  9F                 	db	159
   767                           
   768                           ;Config register CONFIG6 @ 0x300005
   769                           ;	WDT Window Select bits
   770                           ;	WDTCWS = WDTCWS_7, window always open (100%); software control; keyed access not requi
      +                          red
   771                           ;	WDT input clock selector
   772                           ;	WDTCCS = SC, Software Control
   773  300005                     	org	3145733
   774  300005  FF                 	db	255
   775                           
   776                           ;Config register CONFIG7 @ 0x300006
   777                           ;	Boot Block Size selection bits
   778                           ;	BBSIZE = BBSIZE_512, Boot Block size is 512 words
   779                           ;	Boot Block enable bit
   780                           ;	BBEN = OFF, Boot block disabled
   781                           ;	Storage Area Flash enable bit
   782                           ;	SAFEN = OFF, SAF disabled
   783                           ;	Background Debugger
   784                           ;	DEBUG = OFF, Background Debugger disabled
   785  300006                     	org	3145734
   786  300006  FF                 	db	255
   787                           
   788                           ;Config register CONFIG8 @ 0x300007
   789                           ;	Boot Block Write Protection bit
   790                           ;	WRTB = OFF, Boot Block not Write protected
   791                           ;	Configuration Register Write Protection bit
   792                           ;	WRTC = OFF, Configuration registers not Write protected
   793                           ;	Data EEPROM Write Protection bit
   794                           ;	WRTD = OFF, Data EEPROM not Write protected
   795                           ;	SAF Write protection bit
   796                           ;	WRTSAF = OFF, SAF not Write Protected
   797                           ;	Application Block write protection bit
   798                           ;	WRTAPP = OFF, Application Block not write protected
   799  300007                     	org	3145735
   800  300007  FF                 	db	255
   801                           
   802                           ; Padding undefined space
   803  300008                     	org	3145736
   804  300008  FF                 	db	255
   805                           
   806                           ;Config register CONFIG10 @ 0x300009
   807                           ;	PFM and Data EEPROM Code Protection bit
   808                           ;	CP = OFF, PFM and Data EEPROM code protection disabled
   809  300009                     	org	3145737
   810  300009  FF                 	db	255
   811                           tosu	equ	0x4FF
   812                           tosh	equ	0x4FE
   813                           tosl	equ	0x4FD
   814                           stkptr	equ	0x4FC
   815                           pclatu	equ	0x4FB
   816                           pclath	equ	0x4FA
   817                           pcl	equ	0x4F9
   818                           tblptru	equ	0x4F8
   819                           tblptrh	equ	0x4F7
   820                           tblptrl	equ	0x4F6
   821                           tablat	equ	0x4F5
   822                           prodh	equ	0x4F4
   823                           prodl	equ	0x4F3
   824                           indf0	equ	0x4EF
   825                           postinc0	equ	0x4EE
   826                           postdec0	equ	0x4ED
   827                           preinc0	equ	0x4EC
   828                           plusw0	equ	0x4EB
   829                           fsr0h	equ	0x4EA
   830                           fsr0l	equ	0x4E9
   831                           wreg	equ	0x4E8
   832                           indf1	equ	0x4E7
   833                           postinc1	equ	0x4E6
   834                           postdec1	equ	0x4E5
   835                           preinc1	equ	0x4E4
   836                           plusw1	equ	0x4E3
   837                           fsr1h	equ	0x4E2
   838                           fsr1l	equ	0x4E1
   839                           bsr	equ	0x4E0
   840                           indf2	equ	0x4DF
   841                           postinc2	equ	0x4DE
   842                           postdec2	equ	0x4DD
   843                           preinc2	equ	0x4DC
   844                           plusw2	equ	0x4DB
   845                           fsr2h	equ	0x4DA
   846                           fsr2l	equ	0x4D9
   847                           status	equ	0x4D8

Data Sizes:
    Strings     0
    Constant    0
    Data        0
    BSS         0
    Persistent  0
    Stack       0

Auto Spaces:
    Space          Size  Autos    Used
    COMRAM           95      1       1
    BANK5           160      0       0
    BANK6           256      0       0
    BANK7           256      0       0
    BANK8           256      0       0
    BANK9           256      0       0
    BANK10          256      0       0
    BANK11          256      0       0
    BANK12          256      0       0
    BANK13          256      0       0
    BANK14          256      0       0
    BANK15          256      0       0
    BANK16          256      0       0
    BANK17          256      0       0
    BANK18          256      0       0
    BANK19          256      0       0
    BANK20          256      0       0
    BANK21          256      0       0
    BANK22          256      0       0
    BANK23          256      0       0
    BANK24          256      0       0
    BANK25          256      0       0
    BANK26          256      0       0
    BANK27          256      0       0
    BANK28          256      0       0
    BANK29          256      0       0
    BANK30          256      0       0
    BANK31          256      0       0
    BANK32          256      0       0
    BANK33          256      0       0
    BANK34          256      0       0
    BANK35          256      0       0
    BANK36          256      0       0
    BANK37          256      0       0

Pointer List with Targets:

    None.

Critical Paths under _main in COMRAM

    None.

Critical Paths under _main in BANK5

    None.

Critical Paths under _main in BANK6

    None.

Critical Paths under _main in BANK7

    None.

Critical Paths under _main in BANK8

    None.

Critical Paths under _main in BANK9

    None.

Critical Paths under _main in BANK10

    None.

Critical Paths under _main in BANK11

    None.

Critical Paths under _main in BANK12

    None.

Critical Paths under _main in BANK13

    None.

Critical Paths under _main in BANK14

    None.

Critical Paths under _main in BANK15

    None.

Critical Paths under _main in BANK16

    None.

Critical Paths under _main in BANK17

    None.

Critical Paths under _main in BANK18

    None.

Critical Paths under _main in BANK19

    None.

Critical Paths under _main in BANK20

    None.

Critical Paths under _main in BANK21

    None.

Critical Paths under _main in BANK22

    None.

Critical Paths under _main in BANK23

    None.

Critical Paths under _main in BANK24

    None.

Critical Paths under _main in BANK25

    None.

Critical Paths under _main in BANK26

    None.

Critical Paths under _main in BANK27

    None.

Critical Paths under _main in BANK28

    None.

Critical Paths under _main in BANK29

    None.

Critical Paths under _main in BANK30

    None.

Critical Paths under _main in BANK31

    None.

Critical Paths under _main in BANK32

    None.

Critical Paths under _main in BANK33

    None.

Critical Paths under _main in BANK34

    None.

Critical Paths under _main in BANK35

    None.

Critical Paths under _main in BANK36

    None.

Critical Paths under _main in BANK37

    None.

Call Graph Tables:

 ---------------------------------------------------------------------------------
 (Depth) Function   	        Calls       Base Space   Used Autos Params    Refs
 ---------------------------------------------------------------------------------
 (0) _main                                                 1     1      0       0
                                              0 COMRAM     1     1      0
                  _SYSTEM_Initialize
 ---------------------------------------------------------------------------------
 (1) _SYSTEM_Initialize                                    0     0      0       0
              _OSCILLATOR_Initialize
             _PIN_MANAGER_Initialize
                     _PMD_Initialize
 ---------------------------------------------------------------------------------
 (2) _PMD_Initialize                                       0     0      0       0
 ---------------------------------------------------------------------------------
 (2) _PIN_MANAGER_Initialize                               0     0      0       0
 ---------------------------------------------------------------------------------
 (2) _OSCILLATOR_Initialize                                0     0      0       0
 ---------------------------------------------------------------------------------
 Estimated maximum stack depth 2
 ---------------------------------------------------------------------------------

 Call Graph Graphs:

 _main (ROOT)
   _SYSTEM_Initialize
     _OSCILLATOR_Initialize
     _PIN_MANAGER_Initialize
     _PMD_Initialize

 Address spaces:
Name               Size   Autos  Total    Cost      Usage
BITCOMRAM           5F      0       0       0        0.0%
EEDATA             400      0       0       0        0.0%
NULL                 0      0       0       0        0.0%
CODE                 0      0       0       0        0.0%
COMRAM              5F      1       1       1        1.1%
STACK                0      0       0       2        0.0%
DATA                 0      0       0       3        0.0%
BITBANK5            A0      0       0       4        0.0%
BANK5               A0      0       0       5        0.0%
BITBANK6           100      0       0       6        0.0%
BANK6              100      0       0       7        0.0%
BITBANK7           100      0       0       8        0.0%
BANK7              100      0       0       9        0.0%
BITBANK8           100      0       0      10        0.0%
BANK8              100      0       0      11        0.0%
BITBANK9           100      0       0      12        0.0%
BANK9              100      0       0      13        0.0%
BITBANK10          100      0       0      14        0.0%
BANK10             100      0       0      15        0.0%
BITBANK11          100      0       0      16        0.0%
BANK11             100      0       0      17        0.0%
BITBANK12          100      0       0      18        0.0%
BANK12             100      0       0      19        0.0%
BITBANK13          100      0       0      20        0.0%
BANK13             100      0       0      21        0.0%
BITBANK14          100      0       0      22        0.0%
BANK14             100      0       0      23        0.0%
BITBANK15          100      0       0      24        0.0%
BANK15             100      0       0      25        0.0%
BITBANK16          100      0       0      26        0.0%
BANK16             100      0       0      27        0.0%
BITBANK17          100      0       0      28        0.0%
BANK17             100      0       0      29        0.0%
BITBANK18          100      0       0      30        0.0%
BANK18             100      0       0      31        0.0%
BITBANK19          100      0       0      32        0.0%
BANK19             100      0       0      33        0.0%
BITBANK20          100      0       0      34        0.0%
BANK20             100      0       0      35        0.0%
BITBANK21          100      0       0      36        0.0%
BANK21             100      0       0      37        0.0%
BITBANK22          100      0       0      38        0.0%
BANK22             100      0       0      39        0.0%
BITBANK23          100      0       0      40        0.0%
BANK23             100      0       0      41        0.0%
BITBANK24          100      0       0      42        0.0%
BANK24             100      0       0      43        0.0%
BITBANK25          100      0       0      44        0.0%
BANK25             100      0       0      45        0.0%
BITBANK26          100      0       0      46        0.0%
BANK26             100      0       0      47        0.0%
BITBANK27          100      0       0      48        0.0%
BANK27             100      0       0      49        0.0%
BITBANK28          100      0       0      50        0.0%
BANK28             100      0       0      51        0.0%
BITBANK29          100      0       0      52        0.0%
BANK29             100      0       0      53        0.0%
BITBANK30          100      0       0      54        0.0%
BANK30             100      0       0      55        0.0%
BITBANK31          100      0       0      56        0.0%
BANK31             100      0       0      57        0.0%
BITBANK32          100      0       0      58        0.0%
BANK32             100      0       0      59        0.0%
BITBANK33          100      0       0      60        0.0%
BANK33             100      0       0      61        0.0%
BITBANK34          100      0       0      62        0.0%
BANK34             100      0       0      63        0.0%
BITBANK35          100      0       0      64        0.0%
BANK35             100      0       0      65        0.0%
BITBANK36          100      0       0      66        0.0%
BANK36             100      0       0      67        0.0%
BANK37             100      0       0      68        0.0%
ABS                  0      0       0      69        0.0%
BITBANK37          100      0       0      70        0.0%
BIGRAM            20FF      0       0      71        0.0%
BITSFR_5             0      0       0     200        0.0%
SFR_5                0      0       0     200        0.0%
BITSFR_4             0      0       0     200        0.0%
SFR_4                0      0       0     200        0.0%
BITSFR_3             0      0       0     200        0.0%
SFR_3                0      0       0     200        0.0%
BITSFR_2             0      0       0     200        0.0%
SFR_2                0      0       0     200        0.0%
BITSFR_1             0      0       0     200        0.0%
SFR_1                0      0       0     200        0.0%
BITSFR               0      0       0     200        0.0%
SFR                  0      0       0     200        0.0%


Microchip Technology PIC18 Macro Assembler V2.31 build 20201012212115 
Symbol Table                                                                                   Sun Feb 21 22:25:46 2021

                             l61 FF2E                               l55 FEEE  
                             l58 FF0A                               u10 FF4A  
                             u11 FF42                               u28 FF4C  
                            l156 FFFA                              l841 FF82  
                            l851 FF8E                              l843 FF84  
                            l835 FF0C                              l861 FFE0  
                            l853 FF90                              l845 FF86  
                            l837 FF64                              l871 FFEE  
                            l863 FFE2                              l855 FF96  
                            l847 FF88                              l839 FF80  
                            l873 FFF0                              l865 FFE4  
                            l857 FF98                              l849 FF8A  
                            l881 FEE2                              l875 FFF2  
                            l867 FFEA                              l859 FFDE  
                            l883 FF30                              l877 FFF8  
                            l869 FFEC                              l885 FF34  
                            l879 FEF0                              l887 FF36  
                            l889 FF38          __size_of_PMD_Initialize 0024  
                           _LATA 0004BE                             _LATB 0004BF  
                           _LATC 0004C0                             _LATD 0004C1  
                           _LATE 0004C2                             _LATF 0004C3  
                           _PMD0 000060                             _PMD1 000061  
                           _PMD3 000063                             _PMD4 000064  
                           _PMD5 000065                             _PMD6 000066  
                           _PMD7 000067                             _PMD8 000068  
                           _WPUA 000401                             _WPUB 000409  
                           _WPUC 000411                             _WPUD 000419  
                           _WPUE 000421                             _WPUF 000429  
                           _main FF30                             start FFFC  
                   ___param_bank 000000   __size_of_OSCILLATOR_Initialize 001C  
  __end_of_OSCILLATOR_Initialize FF0C                            ?_main 0501  
                          _OSCEN 0000B3                            _TRISA 0004C6  
                          _TRISB 0004C7                            _TRISC 0004C8  
                          _TRISD 0004C9                            _TRISE 0004CA  
                          _TRISF 0004CB                  __initialization FEDC  
                   __end_of_main FF64                           ??_main 0501  
                  __activetblptr 000000                           _ACTCON 0000AC  
                         _ANSELA 000400                           _ANSELB 000408  
                         _ANSELC 000410                           _ANSELD 000418  
                         _ANSELE 000420                           _ANSELF 000428  
                         _RB1I2C 000289                           _RB2I2C 000288  
                         _RC3I2C 000287                           _RC4I2C 000286  
                         _ODCONA 000402                           _ODCONB 00040A  
                         _ODCONC 000412                           _ODCOND 00041A  
                         _ODCONE 000422                           _ODCONF 00042A  
                         _INLVLA 000404                           _INLVLB 00040C  
                         _INLVLC 000414                           _INLVLD 00041C  
                         _INLVLE 000424                           _INLVLF 00042C  
                         _OSCFRQ 0000B1                   _PMD_Initialize FF0C  
              _SYSTEM_Initialize FEE2                       __accesstop 0560  
        __end_of__initialization FEDC               ?_SYSTEM_Initialize 0501  
                  ___rparam_used 000001                   __pcstackCOMRAM 0501  
            ??_SYSTEM_Initialize 0501           __end_of_PMD_Initialize FF30  
      __end_of_SYSTEM_Initialize FEF0                  ?_PMD_Initialize 0501  
                        _OSCCON1 0000AD                          _OSCCON3 0000AF  
                        _OSCTUNE 0000B0                          _SLRCONA 000403  
                        _SLRCONB 00040B                          _SLRCONC 000413  
                        _SLRCOND 00041B                          _SLRCONE 000423  
                        _SLRCONF 00042B                          __Hparam 0000  
                        __Lparam 0000                          __pcinit FEDC  
                        __ramtop 2600                          __ptext0 FF30  
                        __ptext1 FEE2                          __ptext2 FF0C  
                        __ptext3 FF64                          __ptext4 FEF0  
          _OSCILLATOR_Initialize FEF0         ??_PIN_MANAGER_Initialize 0501  
     __size_of_SYSTEM_Initialize 000E             end_of_initialization FEDC  
                      _PORTBbits 0004CF                        _TRISBbits 0004C7  
                      _TRISFbits 0004CB           ?_OSCILLATOR_Initialize 0501  
            start_initialization FEDC  __size_of_PIN_MANAGER_Initialize 0098  
               ??_PMD_Initialize 0501           _PIN_MANAGER_Initialize FF64  
                       _LATFbits 0004C3                         __Hrparam 0000  
                       __Lrparam 0000          ??_OSCILLATOR_Initialize 0501  
                  __size_of_main 0034          ?_PIN_MANAGER_Initialize 0501  
 __end_of_PIN_MANAGER_Initialize FFFC  
