

Microchip MPLAB XC8 Assembler V2.31 build 20201012212115 
                                                                                               Sun Feb 21 22:34:25 2021

Microchip MPLAB XC8 C Compiler v2.31 (Free license) build 20201012212115 Og1 
     1                           	processor	18F57Q43
     2                           	fnconf	rparam,??,?,0
     3                           	pagewidth 120
     4                           	opt	flic
     5                           	psect	cinit,global,reloc=2,class=CODE,delta=1
     6                           	psect	cstackCOMRAM,global,class=COMRAM,space=1,delta=1,lowdata,noexec
     7                           	psect	text0,global,reloc=2,class=CODE,delta=1
     8                           	psect	text1,global,reloc=2,class=CODE,delta=1
     9                           	psect	text2,global,reloc=2,class=CODE,delta=1
    10                           	psect	text3,global,reloc=2,class=CODE,delta=1
    11                           	psect	text4,global,reloc=2,class=CODE,delta=1
    12                           	psect	intsave_regs,global,class=BIGRAM,space=1,delta=1,noexec
    13                           	psect	rparam,global,class=COMRAM,space=1,delta=1,noexec
    14                           	psect	idloc,global,abs,ovrld,class=IDLOC,space=5,delta=1,noexec
    15                           	psect	config,global,abs,ovrld,class=CONFIG,space=4,delta=1,noexec
    16  0000                     
    17                           ; Version 2.30
    18                           ; Generated 20/08/2020 GMT
    19                           ; 
    20                           ; Copyright © 2020, Microchip Technology Inc. and its subsidiaries ("Microchip")
    21                           ; All rights reserved.
    22                           ; 
    23                           ; This software is developed by Microchip Technology Inc. and its subsidiaries ("Microch
      +                          ip").
    24                           ; 
    25                           ; Redistribution and use in source and binary forms, with or without modification, are
    26                           ; permitted provided that the following conditions are met:
    27                           ; 
    28                           ;     1. Redistributions of source code must retain the above copyright notice, this lis
      +                          t of
    29                           ;        conditions and the following disclaimer.
    30                           ; 
    31                           ;     2. Redistributions in binary form must reproduce the above copyright notice, this 
      +                          list
    32                           ;        of conditions and the following disclaimer in the documentation and/or other
    33                           ;        materials provided with the distribution. Publication is not required when
    34                           ;        this file is used in an embedded application.
    35                           ; 
    36                           ;     3. Microchip's name may not be used to endorse or promote products derived from th
      +                          is
    37                           ;        software without specific prior written permission.
    38                           ; 
    39                           ; THIS SOFTWARE IS PROVIDED BY MICROCHIP "AS IS" AND ANY EXPRESS OR IMPLIED WARRANTIES,
    40                           ; INCLUDING, BUT NOT LIMITED TO, THE IMPLIED WARRANTIES OF MERCHANTABILITY AND FITNESS F
      +                          OR
    41                           ; PURPOSE ARE DISCLAIMED.  IN NO EVENT SHALL MICROCHIP BE LIABLE FOR ANY DIRECT, INDIREC
      +                          T,
    42                           ; INCIDENTAL, SPECIAL, EXEMPLARY, OR CONSEQUENTIAL DAMAGES (INCLUDING BUT NOT LIMITED TO
    43                           ; PROCUREMENT OF SUBSTITUTE GOODS OR SERVICES; LOSS OF USE, DATA OR PROFITS; OR BUSINESS
    44                           ; INTERRUPTION) HOWSOEVER CAUSED AND ON ANY THEORY OF LIABILITY, WHETHER IN CONTRACT, ST
      +                          RICT
    45                           ; LIABILITY, OR TORT (INCLUDING NEGLIGENCE OR OTHERWISE) ARISING IN ANY WAY OUT OF THE U
      +                          SE OF
    46                           ; THIS SOFTWARE, EVEN IF ADVISED OF THE POSSIBILITY OF SUCH DAMAGE.
    47                           ; 
    48                           ; 
    49                           ; Code-generator required, PIC18F57Q43 Definitions
    50                           ; 
    51                           ; SFR Addresses
    52  0000                     _PMD8	set	104
    53  0000                     _PMD7	set	103
    54  0000                     _PMD6	set	102
    55  0000                     _PMD5	set	101
    56  0000                     _PMD4	set	100
    57  0000                     _PMD3	set	99
    58  0000                     _PMD1	set	97
    59  0000                     _PMD0	set	96
    60  0000                     _ACTCON	set	172
    61  0000                     _OSCTUNE	set	176
    62  0000                     _OSCFRQ	set	177
    63  0000                     _OSCEN	set	179
    64  0000                     _OSCCON3	set	175
    65  0000                     _OSCCON1	set	173
    66  0000                     _RC4I2C	set	646
    67  0000                     _RC3I2C	set	647
    68  0000                     _RB2I2C	set	648
    69  0000                     _RB1I2C	set	649
    70  0000                     _INLVLF	set	1068
    71  0000                     _INLVLE	set	1060
    72  0000                     _INLVLD	set	1052
    73  0000                     _INLVLC	set	1044
    74  0000                     _INLVLB	set	1036
    75  0000                     _INLVLA	set	1028
    76  0000                     _SLRCONF	set	1067
    77  0000                     _SLRCONE	set	1059
    78  0000                     _SLRCOND	set	1051
    79  0000                     _SLRCONC	set	1043
    80  0000                     _SLRCONB	set	1035
    81  0000                     _SLRCONA	set	1027
    82  0000                     _ODCOND	set	1050
    83  0000                     _ODCONC	set	1042
    84  0000                     _ODCONB	set	1034
    85  0000                     _ODCONA	set	1026
    86  0000                     _ODCONF	set	1066
    87  0000                     _ODCONE	set	1058
    88  0000                     _WPUC	set	1041
    89  0000                     _WPUA	set	1025
    90  0000                     _WPUB	set	1033
    91  0000                     _WPUE	set	1057
    92  0000                     _WPUF	set	1065
    93  0000                     _WPUD	set	1049
    94  0000                     _ANSELA	set	1024
    95  0000                     _ANSELF	set	1064
    96  0000                     _ANSELE	set	1056
    97  0000                     _ANSELB	set	1032
    98  0000                     _ANSELC	set	1040
    99  0000                     _ANSELD	set	1048
   100  0000                     _TRISD	set	1225
   101  0000                     _TRISC	set	1224
   102  0000                     _TRISB	set	1223
   103  0000                     _TRISA	set	1222
   104  0000                     _TRISF	set	1227
   105  0000                     _TRISE	set	1226
   106  0000                     _LATC	set	1216
   107  0000                     _LATB	set	1215
   108  0000                     _LATF	set	1219
   109  0000                     _LATA	set	1214
   110  0000                     _LATD	set	1217
   111  0000                     _LATE	set	1218
   112  0000                     _LATFbits	set	1219
   113                           
   114                           ; #config settings
   115                           
   116                           	psect	cinit
   117  01FF02                     __pcinit:
   118                           	callstack 0
   119  01FF02                     start_initialization:
   120                           	callstack 0
   121  01FF02                     __initialization:
   122                           	callstack 0
   123  01FF02                     end_of_initialization:
   124                           	callstack 0
   125  01FF02                     __end_of__initialization:
   126                           	callstack 0
   127  01FF02  0100               	movlb	0
   128  01FF04  EF8B  F0FF         	goto	_main	;jump to C main() function
   129                           
   130                           	psect	cstackCOMRAM
   131  000000                     __pcstackCOMRAM:
   132                           	callstack 0
   133  000000                     
   134                           ; 1 bytes @ 0x0
   135 ;;
   136 ;;Main: autosize = 0, tempsize = 0, incstack = 0, save=0
   137 ;;
   138 ;; *************** function _main *****************
   139 ;; Defined at:
   140 ;;		line 53 in file "main.c"
   141 ;; Parameters:    Size  Location     Type
   142 ;;		None
   143 ;; Auto vars:     Size  Location     Type
   144 ;;		None
   145 ;; Return value:  Size  Location     Type
   146 ;;                  1    wreg      void 
   147 ;; Registers used:
   148 ;;		wreg, status,2, cstack
   149 ;; Tracked objects:
   150 ;;		On entry : 0/0
   151 ;;		On exit  : 0/0
   152 ;;		Unchanged: 0/0
   153 ;; Data sizes:     COMRAM   BANK5   BANK6   BANK7   BANK8   BANK9  BANK10  BANK11  BANK12  BANK13  BANK14  BANK15  BANK1
      +6  BANK17  BANK18  BANK19  BANK20  BANK21  BANK22  BANK23  BANK24  BANK25  BANK26  BANK27  BANK28  BANK29  BANK30  BANK3
      +1  BANK32  BANK33  BANK34  BANK35  BANK36  BANK37
   154 ;;      Params:         0       0       0       0       0       0       0       0       0       0       0       0       
      +0       0       0       0       0       0       0       0       0       0       0       0       0       0       0       
      +0       0       0       0       0       0       0
   155 ;;      Locals:         0       0       0       0       0       0       0       0       0       0       0       0       
      +0       0       0       0       0       0       0       0       0       0       0       0       0       0       0       
      +0       0       0       0       0       0       0
   156 ;;      Temps:          0       0       0       0       0       0       0       0       0       0       0       0       
      +0       0       0       0       0       0       0       0       0       0       0       0       0       0       0       
      +0       0       0       0       0       0       0
   157 ;;      Totals:         0       0       0       0       0       0       0       0       0       0       0       0       
      +0       0       0       0       0       0       0       0       0       0       0       0       0       0       0       
      +0       0       0       0       0       0       0
   158 ;;Total ram usage:        0 bytes
   159 ;; Hardware stack levels required when called:    2
   160 ;; This function calls:
   161 ;;		_SYSTEM_Initialize
   162 ;; This function is called by:
   163 ;;		Startup code after reset
   164 ;; This function uses a non-reentrant model
   165 ;;
   166                           
   167                           	psect	text0
   168  01FF16                     __ptext0:
   169                           	callstack 0
   170  01FF16                     _main:
   171                           	callstack 126
   172  01FF16                     
   173                           ;main.c: 56:     SYSTEM_Initialize();
   174  01FF16  EC84  F0FF         	call	_SYSTEM_Initialize	;wreg free
   175  01FF1A                     l879:
   176                           
   177                           ;main.c: 72:     {;main.c: 74:         LATFbits.LATF3 = 1;
   178  01FF1A  86C3               	bsf	195,3,c	;volatile
   179  01FF1C  EF8D  F0FF         	goto	l879
   180  01FF20  EFFE  F0FF         	goto	start
   181  01FF24                     __end_of_main:
   182                           	callstack 0
   183                           
   184 ;; *************** function _SYSTEM_Initialize *****************
   185 ;; Defined at:
   186 ;;		line 50 in file "mcc_generated_files/mcc.c"
   187 ;; Parameters:    Size  Location     Type
   188 ;;		None
   189 ;; Auto vars:     Size  Location     Type
   190 ;;		None
   191 ;; Return value:  Size  Location     Type
   192 ;;                  1    wreg      void 
   193 ;; Registers used:
   194 ;;		wreg, status,2, cstack
   195 ;; Tracked objects:
   196 ;;		On entry : 0/0
   197 ;;		On exit  : 0/0
   198 ;;		Unchanged: 0/0
   199 ;; Data sizes:     COMRAM   BANK5   BANK6   BANK7   BANK8   BANK9  BANK10  BANK11  BANK12  BANK13  BANK14  BANK15  BANK1
      +6  BANK17  BANK18  BANK19  BANK20  BANK21  BANK22  BANK23  BANK24  BANK25  BANK26  BANK27  BANK28  BANK29  BANK30  BANK3
      +1  BANK32  BANK33  BANK34  BANK35  BANK36  BANK37
   200 ;;      Params:         0       0       0       0       0       0       0       0       0       0       0       0       
      +0       0       0       0       0       0       0       0       0       0       0       0       0       0       0       
      +0       0       0       0       0       0       0
   201 ;;      Locals:         0       0       0       0       0       0       0       0       0       0       0       0       
      +0       0       0       0       0       0       0       0       0       0       0       0       0       0       0       
      +0       0       0       0       0       0       0
   202 ;;      Temps:          0       0       0       0       0       0       0       0       0       0       0       0       
      +0       0       0       0       0       0       0       0       0       0       0       0       0       0       0       
      +0       0       0       0       0       0       0
   203 ;;      Totals:         0       0       0       0       0       0       0       0       0       0       0       0       
      +0       0       0       0       0       0       0       0       0       0       0       0       0       0       0       
      +0       0       0       0       0       0       0
   204 ;;Total ram usage:        0 bytes
   205 ;; Hardware stack levels used:    1
   206 ;; Hardware stack levels required when called:    1
   207 ;; This function calls:
   208 ;;		_OSCILLATOR_Initialize
   209 ;;		_PIN_MANAGER_Initialize
   210 ;;		_PMD_Initialize
   211 ;; This function is called by:
   212 ;;		_main
   213 ;; This function uses a non-reentrant model
   214 ;;
   215                           
   216                           	psect	text1
   217  01FF08                     __ptext1:
   218                           	callstack 0
   219  01FF08                     _SYSTEM_Initialize:
   220                           	callstack 126
   221  01FF08                     
   222                           ;mcc_generated_files/mcc.c: 52:     PMD_Initialize();
   223  01FF08  ECA0  F0FF         	call	_PMD_Initialize	;wreg free
   224                           
   225                           ;mcc_generated_files/mcc.c: 53:     PIN_MANAGER_Initialize();
   226  01FF0C  ECB2  F0FF         	call	_PIN_MANAGER_Initialize	;wreg free
   227                           
   228                           ;mcc_generated_files/mcc.c: 54:     OSCILLATOR_Initialize();
   229  01FF10  EC92  F0FF         	call	_OSCILLATOR_Initialize	;wreg free
   230  01FF14  0012               	return		;funcret
   231  01FF16                     __end_of_SYSTEM_Initialize:
   232                           	callstack 0
   233                           
   234 ;; *************** function _PMD_Initialize *****************
   235 ;; Defined at:
   236 ;;		line 73 in file "mcc_generated_files/mcc.c"
   237 ;; Parameters:    Size  Location     Type
   238 ;;		None
   239 ;; Auto vars:     Size  Location     Type
   240 ;;		None
   241 ;; Return value:  Size  Location     Type
   242 ;;                  1    wreg      void 
   243 ;; Registers used:
   244 ;;		wreg, status,2
   245 ;; Tracked objects:
   246 ;;		On entry : 0/0
   247 ;;		On exit  : 0/0
   248 ;;		Unchanged: 0/0
   249 ;; Data sizes:     COMRAM   BANK5   BANK6   BANK7   BANK8   BANK9  BANK10  BANK11  BANK12  BANK13  BANK14  BANK15  BANK1
      +6  BANK17  BANK18  BANK19  BANK20  BANK21  BANK22  BANK23  BANK24  BANK25  BANK26  BANK27  BANK28  BANK29  BANK30  BANK3
      +1  BANK32  BANK33  BANK34  BANK35  BANK36  BANK37
   250 ;;      Params:         0       0       0       0       0       0       0       0       0       0       0       0       
      +0       0       0       0       0       0       0       0       0       0       0       0       0       0       0       
      +0       0       0       0       0       0       0
   251 ;;      Locals:         0       0       0       0       0       0       0       0       0       0       0       0       
      +0       0       0       0       0       0       0       0       0       0       0       0       0       0       0       
      +0       0       0       0       0       0       0
   252 ;;      Temps:          0       0       0       0       0       0       0       0       0       0       0       0       
      +0       0       0       0       0       0       0       0       0       0       0       0       0       0       0       
      +0       0       0       0       0       0       0
   253 ;;      Totals:         0       0       0       0       0       0       0       0       0       0       0       0       
      +0       0       0       0       0       0       0       0       0       0       0       0       0       0       0       
      +0       0       0       0       0       0       0
   254 ;;Total ram usage:        0 bytes
   255 ;; Hardware stack levels used:    1
   256 ;; This function calls:
   257 ;;		Nothing
   258 ;; This function is called by:
   259 ;;		_SYSTEM_Initialize
   260 ;; This function uses a non-reentrant model
   261 ;;
   262                           
   263                           	psect	text2
   264  01FF40                     __ptext2:
   265                           	callstack 0
   266  01FF40                     _PMD_Initialize:
   267                           	callstack 126
   268  01FF40                     
   269                           ;mcc_generated_files/mcc.c: 76:     PMD0 = 0x00;
   270  01FF40  0E00               	movlw	0
   271  01FF42  0100               	movlb	0	; () banked
   272  01FF44  6F60               	movwf	96,b	;volatile
   273                           
   274                           ;mcc_generated_files/mcc.c: 78:     PMD1 = 0x00;
   275  01FF46  0E00               	movlw	0
   276  01FF48  6F61               	movwf	97,b	;volatile
   277                           
   278                           ;mcc_generated_files/mcc.c: 80:     PMD3 = 0x00;
   279  01FF4A  0E00               	movlw	0
   280  01FF4C  6F63               	movwf	99,b	;volatile
   281                           
   282                           ;mcc_generated_files/mcc.c: 82:     PMD4 = 0x00;
   283  01FF4E  0E00               	movlw	0
   284  01FF50  6F64               	movwf	100,b	;volatile
   285                           
   286                           ;mcc_generated_files/mcc.c: 84:     PMD5 = 0x00;
   287  01FF52  0E00               	movlw	0
   288  01FF54  6F65               	movwf	101,b	;volatile
   289                           
   290                           ;mcc_generated_files/mcc.c: 86:     PMD6 = 0x00;
   291  01FF56  0E00               	movlw	0
   292  01FF58  6F66               	movwf	102,b	;volatile
   293                           
   294                           ;mcc_generated_files/mcc.c: 88:     PMD7 = 0x00;
   295  01FF5A  0E00               	movlw	0
   296  01FF5C  6F67               	movwf	103,b	;volatile
   297                           
   298                           ;mcc_generated_files/mcc.c: 90:     PMD8 = 0x00;
   299  01FF5E  0E00               	movlw	0
   300  01FF60  6F68               	movwf	104,b	;volatile
   301  01FF62                     
   302                           ; BSR set to: 0
   303  01FF62  0012               	return		;funcret
   304  01FF64                     __end_of_PMD_Initialize:
   305                           	callstack 0
   306                           
   307 ;; *************** function _PIN_MANAGER_Initialize *****************
   308 ;; Defined at:
   309 ;;		line 55 in file "mcc_generated_files/pin_manager.c"
   310 ;; Parameters:    Size  Location     Type
   311 ;;		None
   312 ;; Auto vars:     Size  Location     Type
   313 ;;		None
   314 ;; Return value:  Size  Location     Type
   315 ;;                  1    wreg      void 
   316 ;; Registers used:
   317 ;;		wreg, status,2
   318 ;; Tracked objects:
   319 ;;		On entry : 0/0
   320 ;;		On exit  : 0/0
   321 ;;		Unchanged: 0/0
   322 ;; Data sizes:     COMRAM   BANK5   BANK6   BANK7   BANK8   BANK9  BANK10  BANK11  BANK12  BANK13  BANK14  BANK15  BANK1
      +6  BANK17  BANK18  BANK19  BANK20  BANK21  BANK22  BANK23  BANK24  BANK25  BANK26  BANK27  BANK28  BANK29  BANK30  BANK3
      +1  BANK32  BANK33  BANK34  BANK35  BANK36  BANK37
   323 ;;      Params:         0       0       0       0       0       0       0       0       0       0       0       0       
      +0       0       0       0       0       0       0       0       0       0       0       0       0       0       0       
      +0       0       0       0       0       0       0
   324 ;;      Locals:         0       0       0       0       0       0       0       0       0       0       0       0       
      +0       0       0       0       0       0       0       0       0       0       0       0       0       0       0       
      +0       0       0       0       0       0       0
   325 ;;      Temps:          0       0       0       0       0       0       0       0       0       0       0       0       
      +0       0       0       0       0       0       0       0       0       0       0       0       0       0       0       
      +0       0       0       0       0       0       0
   326 ;;      Totals:         0       0       0       0       0       0       0       0       0       0       0       0       
      +0       0       0       0       0       0       0       0       0       0       0       0       0       0       0       
      +0       0       0       0       0       0       0
   327 ;;Total ram usage:        0 bytes
   328 ;; Hardware stack levels used:    1
   329 ;; This function calls:
   330 ;;		Nothing
   331 ;; This function is called by:
   332 ;;		_SYSTEM_Initialize
   333 ;; This function uses a non-reentrant model
   334 ;;
   335                           
   336                           	psect	text3
   337  01FF64                     __ptext3:
   338                           	callstack 0
   339  01FF64                     _PIN_MANAGER_Initialize:
   340                           	callstack 126
   341  01FF64                     
   342                           ;mcc_generated_files/pin_manager.c: 60:     LATE = 0x00;
   343  01FF64  0E00               	movlw	0
   344  01FF66  6EC2               	movwf	194,c	;volatile
   345                           
   346                           ;mcc_generated_files/pin_manager.c: 61:     LATD = 0x00;
   347  01FF68  0E00               	movlw	0
   348  01FF6A  6EC1               	movwf	193,c	;volatile
   349                           
   350                           ;mcc_generated_files/pin_manager.c: 62:     LATA = 0x00;
   351  01FF6C  0E00               	movlw	0
   352  01FF6E  6EBE               	movwf	190,c	;volatile
   353                           
   354                           ;mcc_generated_files/pin_manager.c: 63:     LATF = 0x00;
   355  01FF70  0E00               	movlw	0
   356  01FF72  6EC3               	movwf	195,c	;volatile
   357                           
   358                           ;mcc_generated_files/pin_manager.c: 64:     LATB = 0x00;
   359  01FF74  0E00               	movlw	0
   360  01FF76  6EBF               	movwf	191,c	;volatile
   361                           
   362                           ;mcc_generated_files/pin_manager.c: 65:     LATC = 0x00;
   363  01FF78  0E00               	movlw	0
   364  01FF7A  6EC0               	movwf	192,c	;volatile
   365                           
   366                           ;mcc_generated_files/pin_manager.c: 70:     TRISE = 0x07;
   367  01FF7C  0E07               	movlw	7
   368  01FF7E  6ECA               	movwf	202,c	;volatile
   369  01FF80                     
   370                           ;mcc_generated_files/pin_manager.c: 71:     TRISF = 0xFF;
   371  01FF80  68CB               	setf	203,c	;volatile
   372  01FF82                     
   373                           ;mcc_generated_files/pin_manager.c: 72:     TRISA = 0xFF;
   374  01FF82  68C6               	setf	198,c	;volatile
   375  01FF84                     
   376                           ;mcc_generated_files/pin_manager.c: 73:     TRISB = 0xFF;
   377  01FF84  68C7               	setf	199,c	;volatile
   378  01FF86                     
   379                           ;mcc_generated_files/pin_manager.c: 74:     TRISC = 0xFF;
   380  01FF86  68C8               	setf	200,c	;volatile
   381  01FF88                     
   382                           ;mcc_generated_files/pin_manager.c: 75:     TRISD = 0xFF;
   383  01FF88  68C9               	setf	201,c	;volatile
   384  01FF8A                     
   385                           ;mcc_generated_files/pin_manager.c: 80:     ANSELD = 0xFF;
   386  01FF8A  0104               	movlb	4	; () banked
   387  01FF8C  6918               	setf	24,b	;volatile
   388  01FF8E                     
   389                           ; BSR set to: 4
   390                           ;mcc_generated_files/pin_manager.c: 81:     ANSELC = 0xFF;
   391  01FF8E  6910               	setf	16,b	;volatile
   392  01FF90                     
   393                           ; BSR set to: 4
   394                           ;mcc_generated_files/pin_manager.c: 82:     ANSELB = 0xFF;
   395  01FF90  6908               	setf	8,b	;volatile
   396                           
   397                           ;mcc_generated_files/pin_manager.c: 83:     ANSELE = 0x07;
   398  01FF92  0E07               	movlw	7
   399  01FF94  6F20               	movwf	32,b	;volatile
   400  01FF96                     
   401                           ; BSR set to: 4
   402                           ;mcc_generated_files/pin_manager.c: 84:     ANSELF = 0xFF;
   403  01FF96  6928               	setf	40,b	;volatile
   404  01FF98                     
   405                           ; BSR set to: 4
   406                           ;mcc_generated_files/pin_manager.c: 85:     ANSELA = 0xFF;
   407  01FF98  6900               	setf	0,b	;volatile
   408                           
   409                           ;mcc_generated_files/pin_manager.c: 90:     WPUD = 0x00;
   410  01FF9A  0E00               	movlw	0
   411  01FF9C  6F19               	movwf	25,b	;volatile
   412                           
   413                           ;mcc_generated_files/pin_manager.c: 91:     WPUF = 0x00;
   414  01FF9E  0E00               	movlw	0
   415  01FFA0  6F29               	movwf	41,b	;volatile
   416                           
   417                           ;mcc_generated_files/pin_manager.c: 92:     WPUE = 0x00;
   418  01FFA2  0E00               	movlw	0
   419  01FFA4  6F21               	movwf	33,b	;volatile
   420                           
   421                           ;mcc_generated_files/pin_manager.c: 93:     WPUB = 0x00;
   422  01FFA6  0E00               	movlw	0
   423  01FFA8  6F09               	movwf	9,b	;volatile
   424                           
   425                           ;mcc_generated_files/pin_manager.c: 94:     WPUA = 0x00;
   426  01FFAA  0E00               	movlw	0
   427  01FFAC  6F01               	movwf	1,b	;volatile
   428                           
   429                           ;mcc_generated_files/pin_manager.c: 95:     WPUC = 0x00;
   430  01FFAE  0E00               	movlw	0
   431  01FFB0  6F11               	movwf	17,b	;volatile
   432                           
   433                           ;mcc_generated_files/pin_manager.c: 100:     RB1I2C = 0x00;
   434  01FFB2  0E00               	movlw	0
   435  01FFB4  0102               	movlb	2	; () banked
   436  01FFB6  6F89               	movwf	137,b	;volatile
   437                           
   438                           ;mcc_generated_files/pin_manager.c: 101:     RB2I2C = 0x00;
   439  01FFB8  0E00               	movlw	0
   440  01FFBA  6F88               	movwf	136,b	;volatile
   441                           
   442                           ;mcc_generated_files/pin_manager.c: 102:     RC3I2C = 0x00;
   443  01FFBC  0E00               	movlw	0
   444  01FFBE  6F87               	movwf	135,b	;volatile
   445                           
   446                           ;mcc_generated_files/pin_manager.c: 103:     RC4I2C = 0x00;
   447  01FFC0  0E00               	movlw	0
   448  01FFC2  6F86               	movwf	134,b	;volatile
   449                           
   450                           ;mcc_generated_files/pin_manager.c: 108:     ODCONE = 0x00;
   451  01FFC4  0E00               	movlw	0
   452  01FFC6  0104               	movlb	4	; () banked
   453  01FFC8  6F22               	movwf	34,b	;volatile
   454                           
   455                           ;mcc_generated_files/pin_manager.c: 109:     ODCONF = 0x00;
   456  01FFCA  0E00               	movlw	0
   457  01FFCC  6F2A               	movwf	42,b	;volatile
   458                           
   459                           ;mcc_generated_files/pin_manager.c: 110:     ODCONA = 0x00;
   460  01FFCE  0E00               	movlw	0
   461  01FFD0  6F02               	movwf	2,b	;volatile
   462                           
   463                           ;mcc_generated_files/pin_manager.c: 111:     ODCONB = 0x00;
   464  01FFD2  0E00               	movlw	0
   465  01FFD4  6F0A               	movwf	10,b	;volatile
   466                           
   467                           ;mcc_generated_files/pin_manager.c: 112:     ODCONC = 0x00;
   468  01FFD6  0E00               	movlw	0
   469  01FFD8  6F12               	movwf	18,b	;volatile
   470                           
   471                           ;mcc_generated_files/pin_manager.c: 113:     ODCOND = 0x00;
   472  01FFDA  0E00               	movlw	0
   473  01FFDC  6F1A               	movwf	26,b	;volatile
   474  01FFDE                     
   475                           ; BSR set to: 4
   476                           ;mcc_generated_files/pin_manager.c: 118:     SLRCONA = 0xFF;
   477  01FFDE  6903               	setf	3,b	;volatile
   478  01FFE0                     
   479                           ; BSR set to: 4
   480                           ;mcc_generated_files/pin_manager.c: 119:     SLRCONB = 0xFF;
   481  01FFE0  690B               	setf	11,b	;volatile
   482  01FFE2                     
   483                           ; BSR set to: 4
   484                           ;mcc_generated_files/pin_manager.c: 120:     SLRCONC = 0xFF;
   485  01FFE2  6913               	setf	19,b	;volatile
   486  01FFE4                     
   487                           ; BSR set to: 4
   488                           ;mcc_generated_files/pin_manager.c: 121:     SLRCOND = 0xFF;
   489  01FFE4  691B               	setf	27,b	;volatile
   490                           
   491                           ;mcc_generated_files/pin_manager.c: 122:     SLRCONE = 0x07;
   492  01FFE6  0E07               	movlw	7
   493  01FFE8  6F23               	movwf	35,b	;volatile
   494  01FFEA                     
   495                           ; BSR set to: 4
   496                           ;mcc_generated_files/pin_manager.c: 123:     SLRCONF = 0xFF;
   497  01FFEA  692B               	setf	43,b	;volatile
   498  01FFEC                     
   499                           ; BSR set to: 4
   500                           ;mcc_generated_files/pin_manager.c: 128:     INLVLA = 0xFF;
   501  01FFEC  6904               	setf	4,b	;volatile
   502  01FFEE                     
   503                           ; BSR set to: 4
   504                           ;mcc_generated_files/pin_manager.c: 129:     INLVLB = 0xFF;
   505  01FFEE  690C               	setf	12,b	;volatile
   506  01FFF0                     
   507                           ; BSR set to: 4
   508                           ;mcc_generated_files/pin_manager.c: 130:     INLVLC = 0xFF;
   509  01FFF0  6914               	setf	20,b	;volatile
   510  01FFF2                     
   511                           ; BSR set to: 4
   512                           ;mcc_generated_files/pin_manager.c: 131:     INLVLD = 0xFF;
   513  01FFF2  691C               	setf	28,b	;volatile
   514                           
   515                           ;mcc_generated_files/pin_manager.c: 132:     INLVLE = 0x0F;
   516  01FFF4  0E0F               	movlw	15
   517  01FFF6  6F24               	movwf	36,b	;volatile
   518  01FFF8                     
   519                           ; BSR set to: 4
   520                           ;mcc_generated_files/pin_manager.c: 133:     INLVLF = 0xFF;
   521  01FFF8  692C               	setf	44,b	;volatile
   522  01FFFA                     
   523                           ; BSR set to: 4
   524  01FFFA  0012               	return		;funcret
   525  01FFFC                     __end_of_PIN_MANAGER_Initialize:
   526                           	callstack 0
   527                           
   528 ;; *************** function _OSCILLATOR_Initialize *****************
   529 ;; Defined at:
   530 ;;		line 57 in file "mcc_generated_files/mcc.c"
   531 ;; Parameters:    Size  Location     Type
   532 ;;		None
   533 ;; Auto vars:     Size  Location     Type
   534 ;;		None
   535 ;; Return value:  Size  Location     Type
   536 ;;                  1    wreg      void 
   537 ;; Registers used:
   538 ;;		wreg, status,2
   539 ;; Tracked objects:
   540 ;;		On entry : 0/0
   541 ;;		On exit  : 0/0
   542 ;;		Unchanged: 0/0
   543 ;; Data sizes:     COMRAM   BANK5   BANK6   BANK7   BANK8   BANK9  BANK10  BANK11  BANK12  BANK13  BANK14  BANK15  BANK1
      +6  BANK17  BANK18  BANK19  BANK20  BANK21  BANK22  BANK23  BANK24  BANK25  BANK26  BANK27  BANK28  BANK29  BANK30  BANK3
      +1  BANK32  BANK33  BANK34  BANK35  BANK36  BANK37
   544 ;;      Params:         0       0       0       0       0       0       0       0       0       0       0       0       
      +0       0       0       0       0       0       0       0       0       0       0       0       0       0       0       
      +0       0       0       0       0       0       0
   545 ;;      Locals:         0       0       0       0       0       0       0       0       0       0       0       0       
      +0       0       0       0       0       0       0       0       0       0       0       0       0       0       0       
      +0       0       0       0       0       0       0
   546 ;;      Temps:          0       0       0       0       0       0       0       0       0       0       0       0       
      +0       0       0       0       0       0       0       0       0       0       0       0       0       0       0       
      +0       0       0       0       0       0       0
   547 ;;      Totals:         0       0       0       0       0       0       0       0       0       0       0       0       
      +0       0       0       0       0       0       0       0       0       0       0       0       0       0       0       
      +0       0       0       0       0       0       0
   548 ;;Total ram usage:        0 bytes
   549 ;; Hardware stack levels used:    1
   550 ;; This function calls:
   551 ;;		Nothing
   552 ;; This function is called by:
   553 ;;		_SYSTEM_Initialize
   554 ;; This function uses a non-reentrant model
   555 ;;
   556                           
   557                           	psect	text4
   558  01FF24                     __ptext4:
   559                           	callstack 0
   560  01FF24                     _OSCILLATOR_Initialize:
   561                           	callstack 126
   562  01FF24                     
   563                           ;mcc_generated_files/mcc.c: 60:     OSCCON1 = 0x60;
   564  01FF24  0E60               	movlw	96
   565  01FF26  0100               	movlb	0	; () banked
   566  01FF28  6FAD               	movwf	173,b	;volatile
   567                           
   568                           ;mcc_generated_files/mcc.c: 62:     OSCCON3 = 0x00;
   569  01FF2A  0E00               	movlw	0
   570  01FF2C  6FAF               	movwf	175,b	;volatile
   571                           
   572                           ;mcc_generated_files/mcc.c: 64:     OSCEN = 0x00;
   573  01FF2E  0E00               	movlw	0
   574  01FF30  6FB3               	movwf	179,b	;volatile
   575                           
   576                           ;mcc_generated_files/mcc.c: 66:     OSCFRQ = 0x05;
   577  01FF32  0E05               	movlw	5
   578  01FF34  6FB1               	movwf	177,b	;volatile
   579                           
   580                           ;mcc_generated_files/mcc.c: 68:     OSCTUNE = 0x00;
   581  01FF36  0E00               	movlw	0
   582  01FF38  6FB0               	movwf	176,b	;volatile
   583                           
   584                           ;mcc_generated_files/mcc.c: 70:     ACTCON = 0x00;
   585  01FF3A  0E00               	movlw	0
   586  01FF3C  6FAC               	movwf	172,b	;volatile
   587  01FF3E                     
   588                           ; BSR set to: 0
   589  01FF3E  0012               	return		;funcret
   590  01FF40                     __end_of_OSCILLATOR_Initialize:
   591                           	callstack 0
   592  0000                     
   593                           	psect	rparam
   594  0000                     
   595                           	psect	idloc
   596                           
   597                           ;Config register IDLOC0 @ 0x200000
   598                           ;	unspecified, using default values
   599  200000                     	org	2097152
   600  200000  0FFF               	dw	4095
   601                           
   602                           ;Config register IDLOC1 @ 0x200002
   603                           ;	unspecified, using default values
   604  200002                     	org	2097154
   605  200002  0FFF               	dw	4095
   606                           
   607                           ;Config register IDLOC2 @ 0x200004
   608                           ;	unspecified, using default values
   609  200004                     	org	2097156
   610  200004  0FFF               	dw	4095
   611                           
   612                           ;Config register IDLOC3 @ 0x200006
   613                           ;	unspecified, using default values
   614  200006                     	org	2097158
   615  200006  0FFF               	dw	4095
   616                           
   617                           ;Config register IDLOC4 @ 0x200008
   618                           ;	unspecified, using default values
   619  200008                     	org	2097160
   620  200008  0FFF               	dw	4095
   621                           
   622                           ;Config register IDLOC5 @ 0x20000A
   623                           ;	unspecified, using default values
   624  20000A                     	org	2097162
   625  20000A  0FFF               	dw	4095
   626                           
   627                           ;Config register IDLOC6 @ 0x20000C
   628                           ;	unspecified, using default values
   629  20000C                     	org	2097164
   630  20000C  0FFF               	dw	4095
   631                           
   632                           ;Config register IDLOC7 @ 0x20000E
   633                           ;	unspecified, using default values
   634  20000E                     	org	2097166
   635  20000E  0FFF               	dw	4095
   636                           
   637                           ;Config register IDLOC8 @ 0x200010
   638                           ;	unspecified, using default values
   639  200010                     	org	2097168
   640  200010  0FFF               	dw	4095
   641                           
   642                           ;Config register IDLOC9 @ 0x200012
   643                           ;	unspecified, using default values
   644  200012                     	org	2097170
   645  200012  0FFF               	dw	4095
   646                           
   647                           ;Config register IDLOC10 @ 0x200014
   648                           ;	unspecified, using default values
   649  200014                     	org	2097172
   650  200014  0FFF               	dw	4095
   651                           
   652                           ;Config register IDLOC11 @ 0x200016
   653                           ;	unspecified, using default values
   654  200016                     	org	2097174
   655  200016  0FFF               	dw	4095
   656                           
   657                           ;Config register IDLOC12 @ 0x200018
   658                           ;	unspecified, using default values
   659  200018                     	org	2097176
   660  200018  0FFF               	dw	4095
   661                           
   662                           ;Config register IDLOC13 @ 0x20001A
   663                           ;	unspecified, using default values
   664  20001A                     	org	2097178
   665  20001A  0FFF               	dw	4095
   666                           
   667                           ;Config register IDLOC14 @ 0x20001C
   668                           ;	unspecified, using default values
   669  20001C                     	org	2097180
   670  20001C  0FFF               	dw	4095
   671                           
   672                           ;Config register IDLOC15 @ 0x20001E
   673                           ;	unspecified, using default values
   674  20001E                     	org	2097182
   675  20001E  0FFF               	dw	4095
   676                           
   677                           	psect	config
   678                           
   679                           ;Config register CONFIG1 @ 0x300000
   680                           ;	External Oscillator Selection
   681                           ;	FEXTOSC = OFF, Oscillator not enabled
   682                           ;	Reset Oscillator Selection
   683                           ;	RSTOSC = HFINTOSC_1MHZ, HFINTOSC with HFFRQ = 4 MHz and CDIV = 4:1
   684  300000                     	org	3145728
   685  300000  EC                 	db	236
   686                           
   687                           ;Config register CONFIG2 @ 0x300001
   688                           ;	Clock out Enable bit
   689                           ;	CLKOUTEN = OFF, CLKOUT function is disabled
   690                           ;	PRLOCKED One-Way Set Enable bit
   691                           ;	PR1WAY = ON, PRLOCKED bit can be cleared and set only once
   692                           ;	Clock Switch Enable bit
   693                           ;	CSWEN = ON, Writing to NOSC and NDIV is allowed
   694                           ;	Fail-Safe Clock Monitor Enable bit
   695                           ;	FCMEN = ON, Fail-Safe Clock Monitor enabled
   696  300001                     	org	3145729
   697  300001  FF                 	db	255
   698                           
   699                           ;Config register CONFIG3 @ 0x300002
   700                           ;	MCLR Enable bit
   701                           ;	MCLRE = EXTMCLR, If LVP = 0, MCLR pin is MCLR; If LVP = 1, RE3 pin function is MCLR
   702                           ;	Power-up timer selection bits
   703                           ;	PWRTS = PWRT_OFF, PWRT is disabled
   704                           ;	Multi-vector enable bit
   705                           ;	MVECEN = OFF, Interrupt contoller does not use vector table to prioritze interrupts
   706                           ;	IVTLOCK bit One-way set enable bit
   707                           ;	IVT1WAY = ON, IVTLOCKED bit can be cleared and set only once
   708                           ;	Low Power BOR Enable bit
   709                           ;	LPBOREN = OFF, Low-Power BOR disabled
   710                           ;	Brown-out Reset Enable bits
   711                           ;	BOREN = SBORDIS, Brown-out Reset enabled , SBOREN bit is ignored
   712  300002                     	org	3145730
   713  300002  F7                 	db	247
   714                           
   715                           ;Config register CONFIG4 @ 0x300003
   716                           ;	Brown-out Reset Voltage Selection bits
   717                           ;	BORV = VBOR_1P9, Brown-out Reset Voltage (VBOR) set to 1.9V
   718                           ;	ZCD Disable bit
   719                           ;	ZCD = OFF, ZCD module is disabled. ZCD can be enabled by setting the ZCDSEN bit of ZCD
      +                          CON
   720                           ;	PPSLOCK bit One-Way Set Enable bit
   721                           ;	PPS1WAY = ON, PPSLOCKED bit can be cleared and set only once; PPS registers remain loc
      +                          ked after one clear/set cycle
   722                           ;	Stack Full/Underflow Reset Enable bit
   723                           ;	STVREN = ON, Stack full/underflow will cause Reset
   724                           ;	Low Voltage Programming Enable bit
   725                           ;	LVP = ON, Low voltage programming enabled. MCLR/VPP pin function is MCLR. MCLRE config
      +                          uration bit is ignored
   726                           ;	Extended Instruction Set Enable bit
   727                           ;	XINST = OFF, Extended Instruction Set and Indexed Addressing Mode disabled
   728  300003                     	org	3145731
   729  300003  FF                 	db	255
   730                           
   731                           ;Config register CONFIG5 @ 0x300004
   732                           ;	WDT Period selection bits
   733                           ;	WDTCPS = WDTCPS_31, Divider ratio 1:65536; software control of WDTPS
   734                           ;	WDT operating mode
   735                           ;	WDTE = OFF, WDT Disabled; SWDTEN is ignored
   736  300004                     	org	3145732
   737  300004  9F                 	db	159
   738                           
   739                           ;Config register CONFIG6 @ 0x300005
   740                           ;	WDT Window Select bits
   741                           ;	WDTCWS = WDTCWS_7, window always open (100%); software control; keyed access not requi
      +                          red
   742                           ;	WDT input clock selector
   743                           ;	WDTCCS = SC, Software Control
   744  300005                     	org	3145733
   745  300005  FF                 	db	255
   746                           
   747                           ;Config register CONFIG7 @ 0x300006
   748                           ;	Boot Block Size selection bits
   749                           ;	BBSIZE = BBSIZE_512, Boot Block size is 512 words
   750                           ;	Boot Block enable bit
   751                           ;	BBEN = OFF, Boot block disabled
   752                           ;	Storage Area Flash enable bit
   753                           ;	SAFEN = OFF, SAF disabled
   754                           ;	Background Debugger
   755                           ;	DEBUG = OFF, Background Debugger disabled
   756  300006                     	org	3145734
   757  300006  FF                 	db	255
   758                           
   759                           ;Config register CONFIG8 @ 0x300007
   760                           ;	Boot Block Write Protection bit
   761                           ;	WRTB = OFF, Boot Block not Write protected
   762                           ;	Configuration Register Write Protection bit
   763                           ;	WRTC = OFF, Configuration registers not Write protected
   764                           ;	Data EEPROM Write Protection bit
   765                           ;	WRTD = OFF, Data EEPROM not Write protected
   766                           ;	SAF Write protection bit
   767                           ;	WRTSAF = OFF, SAF not Write Protected
   768                           ;	Application Block write protection bit
   769                           ;	WRTAPP = OFF, Application Block not write protected
   770  300007                     	org	3145735
   771  300007  FF                 	db	255
   772                           
   773                           ; Padding undefined space
   774  300008                     	org	3145736
   775  300008  FF                 	db	255
   776                           
   777                           ;Config register CONFIG10 @ 0x300009
   778                           ;	PFM and Data EEPROM Code Protection bit
   779                           ;	CP = OFF, PFM and Data EEPROM code protection disabled
   780  300009                     	org	3145737
   781  300009  FF                 	db	255
   782                           tosu	equ	0x4FF
   783                           tosh	equ	0x4FE
   784                           tosl	equ	0x4FD
   785                           stkptr	equ	0x4FC
   786                           pclatu	equ	0x4FB
   787                           pclath	equ	0x4FA
   788                           pcl	equ	0x4F9
   789                           tblptru	equ	0x4F8
   790                           tblptrh	equ	0x4F7
   791                           tblptrl	equ	0x4F6
   792                           tablat	equ	0x4F5
   793                           prodh	equ	0x4F4
   794                           prodl	equ	0x4F3
   795                           indf0	equ	0x4EF
   796                           postinc0	equ	0x4EE
   797                           postdec0	equ	0x4ED
   798                           preinc0	equ	0x4EC
   799                           plusw0	equ	0x4EB
   800                           fsr0h	equ	0x4EA
   801                           fsr0l	equ	0x4E9
   802                           wreg	equ	0x4E8
   803                           indf1	equ	0x4E7
   804                           postinc1	equ	0x4E6
   805                           postdec1	equ	0x4E5
   806                           preinc1	equ	0x4E4
   807                           plusw1	equ	0x4E3
   808                           fsr1h	equ	0x4E2
   809                           fsr1l	equ	0x4E1
   810                           bsr	equ	0x4E0
   811                           indf2	equ	0x4DF
   812                           postinc2	equ	0x4DE
   813                           postdec2	equ	0x4DD
   814                           preinc2	equ	0x4DC
   815                           plusw2	equ	0x4DB
   816                           fsr2h	equ	0x4DA
   817                           fsr2l	equ	0x4D9
   818                           status	equ	0x4D8

Data Sizes:
    Strings     0
    Constant    0
    Data        0
    BSS         0
    Persistent  0
    Stack       0

Auto Spaces:
    Space          Size  Autos    Used
    COMRAM           95      0       0
    BANK5           160      0       0
    BANK6           256      0       0
    BANK7           256      0       0
    BANK8           256      0       0
    BANK9           256      0       0
    BANK10          256      0       0
    BANK11          256      0       0
    BANK12          256      0       0
    BANK13          256      0       0
    BANK14          256      0       0
    BANK15          256      0       0
    BANK16          256      0       0
    BANK17          256      0       0
    BANK18          256      0       0
    BANK19          256      0       0
    BANK20          256      0       0
    BANK21          256      0       0
    BANK22          256      0       0
    BANK23          256      0       0
    BANK24          256      0       0
    BANK25          256      0       0
    BANK26          256      0       0
    BANK27          256      0       0
    BANK28          256      0       0
    BANK29          256      0       0
    BANK30          256      0       0
    BANK31          256      0       0
    BANK32          256      0       0
    BANK33          256      0       0
    BANK34          256      0       0
    BANK35          256      0       0
    BANK36          256      0       0
    BANK37          256      0       0

Pointer List with Targets:

    None.

Critical Paths under _main in COMRAM

    None.

Critical Paths under _main in BANK5

    None.

Critical Paths under _main in BANK6

    None.

Critical Paths under _main in BANK7

    None.

Critical Paths under _main in BANK8

    None.

Critical Paths under _main in BANK9

    None.

Critical Paths under _main in BANK10

    None.

Critical Paths under _main in BANK11

    None.

Critical Paths under _main in BANK12

    None.

Critical Paths under _main in BANK13

    None.

Critical Paths under _main in BANK14

    None.

Critical Paths under _main in BANK15

    None.

Critical Paths under _main in BANK16

    None.

Critical Paths under _main in BANK17

    None.

Critical Paths under _main in BANK18

    None.

Critical Paths under _main in BANK19

    None.

Critical Paths under _main in BANK20

    None.

Critical Paths under _main in BANK21

    None.

Critical Paths under _main in BANK22

    None.

Critical Paths under _main in BANK23

    None.

Critical Paths under _main in BANK24

    None.

Critical Paths under _main in BANK25

    None.

Critical Paths under _main in BANK26

    None.

Critical Paths under _main in BANK27

    None.

Critical Paths under _main in BANK28

    None.

Critical Paths under _main in BANK29

    None.

Critical Paths under _main in BANK30

    None.

Critical Paths under _main in BANK31

    None.

Critical Paths under _main in BANK32

    None.

Critical Paths under _main in BANK33

    None.

Critical Paths under _main in BANK34

    None.

Critical Paths under _main in BANK35

    None.

Critical Paths under _main in BANK36

    None.

Critical Paths under _main in BANK37

    None.

Call Graph Tables:

 ---------------------------------------------------------------------------------
 (Depth) Function   	        Calls       Base Space   Used Autos Params    Refs
 ---------------------------------------------------------------------------------
 (0) _main                                                 0     0      0       0
                  _SYSTEM_Initialize
 ---------------------------------------------------------------------------------
 (1) _SYSTEM_Initialize                                    0     0      0       0
              _OSCILLATOR_Initialize
             _PIN_MANAGER_Initialize
                     _PMD_Initialize
 ---------------------------------------------------------------------------------
 (2) _PMD_Initialize                                       0     0      0       0
 ---------------------------------------------------------------------------------
 (2) _PIN_MANAGER_Initialize                               0     0      0       0
 ---------------------------------------------------------------------------------
 (2) _OSCILLATOR_Initialize                                0     0      0       0
 ---------------------------------------------------------------------------------
 Estimated maximum stack depth 2
 ---------------------------------------------------------------------------------

 Call Graph Graphs:

 _main (ROOT)
   _SYSTEM_Initialize
     _OSCILLATOR_Initialize
     _PIN_MANAGER_Initialize
     _PMD_Initialize

 Address spaces:
Name               Size   Autos  Total    Cost      Usage
BITCOMRAM           5F      0       0       0        0.0%
EEDATA             400      0       0       0        0.0%
NULL                 0      0       0       0        0.0%
CODE                 0      0       0       0        0.0%
COMRAM              5F      0       0       1        0.0%
STACK                0      0       0       2        0.0%
DATA                 0      0       0       3        0.0%
BITBANK5            A0      0       0       4        0.0%
BANK5               A0      0       0       5        0.0%
BITBANK6           100      0       0       6        0.0%
BANK6              100      0       0       7        0.0%
BITBANK7           100      0       0       8        0.0%
BANK7              100      0       0       9        0.0%
BITBANK8           100      0       0      10        0.0%
BANK8              100      0       0      11        0.0%
BITBANK9           100      0       0      12        0.0%
BANK9              100      0       0      13        0.0%
BITBANK10          100      0       0      14        0.0%
BANK10             100      0       0      15        0.0%
BITBANK11          100      0       0      16        0.0%
BANK11             100      0       0      17        0.0%
BITBANK12          100      0       0      18        0.0%
BANK12             100      0       0      19        0.0%
BITBANK13          100      0       0      20        0.0%
BANK13             100      0       0      21        0.0%
BITBANK14          100      0       0      22        0.0%
BANK14             100      0       0      23        0.0%
BITBANK15          100      0       0      24        0.0%
BANK15             100      0       0      25        0.0%
BITBANK16          100      0       0      26        0.0%
BANK16             100      0       0      27        0.0%
BITBANK17          100      0       0      28        0.0%
BANK17             100      0       0      29        0.0%
BITBANK18          100      0       0      30        0.0%
BANK18             100      0       0      31        0.0%
BITBANK19          100      0       0      32        0.0%
BANK19             100      0       0      33        0.0%
BITBANK20          100      0       0      34        0.0%
BANK20             100      0       0      35        0.0%
BITBANK21          100      0       0      36        0.0%
BANK21             100      0       0      37        0.0%
BITBANK22          100      0       0      38        0.0%
BANK22             100      0       0      39        0.0%
BITBANK23          100      0       0      40        0.0%
BANK23             100      0       0      41        0.0%
BITBANK24          100      0       0      42        0.0%
BANK24             100      0       0      43        0.0%
BITBANK25          100      0       0      44        0.0%
BANK25             100      0       0      45        0.0%
BITBANK26          100      0       0      46        0.0%
BANK26             100      0       0      47        0.0%
BITBANK27          100      0       0      48        0.0%
BANK27             100      0       0      49        0.0%
BITBANK28          100      0       0      50        0.0%
BANK28             100      0       0      51        0.0%
BITBANK29          100      0       0      52        0.0%
BANK29             100      0       0      53        0.0%
BITBANK30          100      0       0      54        0.0%
BANK30             100      0       0      55        0.0%
BITBANK31          100      0       0      56        0.0%
BANK31             100      0       0      57        0.0%
BITBANK32          100      0       0      58        0.0%
BANK32             100      0       0      59        0.0%
BITBANK33          100      0       0      60        0.0%
BANK33             100      0       0      61        0.0%
BITBANK34          100      0       0      62        0.0%
BANK34             100      0       0      63        0.0%
BITBANK35          100      0       0      64        0.0%
BANK35             100      0       0      65        0.0%
BITBANK36          100      0       0      66        0.0%
BANK36             100      0       0      67        0.0%
BANK37             100      0       0      68        0.0%
ABS                  0      0       0      69        0.0%
BITBANK37          100      0       0      70        0.0%
BIGRAM            20FF      0       0      71        0.0%
BITSFR_5             0      0       0     200        0.0%
SFR_5                0      0       0     200        0.0%
BITSFR_4             0      0       0     200        0.0%
SFR_4                0      0       0     200        0.0%
BITSFR_3             0      0       0     200        0.0%
SFR_3                0      0       0     200        0.0%
BITSFR_2             0      0       0     200        0.0%
SFR_2                0      0       0     200        0.0%
BITSFR_1             0      0       0     200        0.0%
SFR_1                0      0       0     200        0.0%
BITSFR               0      0       0     200        0.0%
SFR                  0      0       0     200        0.0%


Microchip Technology PIC18 Macro Assembler V2.31 build 20201012212115 
Symbol Table                                                                                   Sun Feb 21 22:34:25 2021

                             l52 FF3E                               l55 FF62  
                             l49 FF14                              l150 FFFA  
                            l831 FF64                              l841 FF88  
                            l833 FF80                              l851 FF98  
                            l843 FF8A                              l835 FF82  
                            l861 FFEA                              l853 FFDE  
                            l845 FF8E                              l837 FF84  
                            l829 FF40                              l871 FFF8  
                            l863 FFEC                              l855 FFE0  
                            l847 FF90                              l839 FF86  
                            l873 FF24                              l865 FFEE  
                            l857 FFE2                              l849 FF96  
                            l867 FFF0                              l859 FFE4  
                            l875 FF08                              l869 FFF2  
                            l877 FF16                              l879 FF1A  
        __size_of_PMD_Initialize 0024                             _LATA 0004BE  
                           _LATB 0004BF                             _LATC 0004C0  
                           _LATD 0004C1                             _LATE 0004C2  
                           _LATF 0004C3                             _PMD0 000060  
                           _PMD1 000061                             _PMD3 000063  
                           _PMD4 000064                             _PMD5 000065  
                           _PMD6 000066                             _PMD7 000067  
                           _PMD8 000068                             _WPUA 000401  
                           _WPUB 000409                             _WPUC 000411  
                           _WPUD 000419                             _WPUE 000421  
                           _WPUF 000429                             _main FF16  
                           start FFFC                     ___param_bank 000000  
 __size_of_OSCILLATOR_Initialize 001C    __end_of_OSCILLATOR_Initialize FF40  
                          ?_main 0000                            _OSCEN 0000B3  
                          _TRISA 0004C6                            _TRISB 0004C7  
                          _TRISC 0004C8                            _TRISD 0004C9  
                          _TRISE 0004CA                            _TRISF 0004CB  
                __initialization FF02                     __end_of_main FF24  
                         ??_main 0000                    __activetblptr 000000  
                         _ACTCON 0000AC                           _ANSELA 000400  
                         _ANSELB 000408                           _ANSELC 000410  
                         _ANSELD 000418                           _ANSELE 000420  
                         _ANSELF 000428                           _RB1I2C 000289  
                         _RB2I2C 000288                           _RC3I2C 000287  
                         _RC4I2C 000286                           _ODCONA 000402  
                         _ODCONB 00040A                           _ODCONC 000412  
                         _ODCOND 00041A                           _ODCONE 000422  
                         _ODCONF 00042A                           _INLVLA 000404  
                         _INLVLB 00040C                           _INLVLC 000414  
                         _INLVLD 00041C                           _INLVLE 000424  
                         _INLVLF 00042C                           _OSCFRQ 0000B1  
                 _PMD_Initialize FF40                _SYSTEM_Initialize FF08  
                     __accesstop 0560          __end_of__initialization FF02  
             ?_SYSTEM_Initialize 0000                    ___rparam_used 000001  
                 __pcstackCOMRAM 0000              ??_SYSTEM_Initialize 0000  
         __end_of_PMD_Initialize FF64        __end_of_SYSTEM_Initialize FF16  
                ?_PMD_Initialize 0000                          _OSCCON1 0000AD  
                        _OSCCON3 0000AF                          _OSCTUNE 0000B0  
                        _SLRCONA 000403                          _SLRCONB 00040B  
                        _SLRCONC 000413                          _SLRCOND 00041B  
                        _SLRCONE 000423                          _SLRCONF 00042B  
                        __Hparam 0000                          __Lparam 0000  
                        __pcinit FF02                          __ramtop 2600  
                        __ptext0 FF16                          __ptext1 FF08  
                        __ptext2 FF40                          __ptext3 FF64  
                        __ptext4 FF24            _OSCILLATOR_Initialize FF24  
       ??_PIN_MANAGER_Initialize 0000       __size_of_SYSTEM_Initialize 000E  
           end_of_initialization FF02           ?_OSCILLATOR_Initialize 0000  
            start_initialization FF02  __size_of_PIN_MANAGER_Initialize 0098  
               ??_PMD_Initialize 0000           _PIN_MANAGER_Initialize FF64  
                       _LATFbits 0004C3                         __Hrparam 0000  
                       __Lrparam 0000          ??_OSCILLATOR_Initialize 0000  
                  __size_of_main 000E          ?_PIN_MANAGER_Initialize 0000  
 __end_of_PIN_MANAGER_Initialize FFFC  
